12
1
{"_id":"50b59cd75bed76f46522c34e","class_id":2,"scores":[{"score":57.92947,"type":"exam"},{"score":21.24542,"type":"quiz"},{"score":68.19567,"type":"homework"},{"score":67.95019,"type":"homework"},{"score":18.81037,"type":"homework"}]}
{"_id":"50b59cd75bed76f46522c34f","class_id":28,"scores":[{"score":39.17749,"type":"exam"},{"score":78.44172,"type":"quiz"},{"score":20.81782,"type":"homework"},{"score":70.4452,"type":"homework"},{"score":50.66616,"type":"homework"},{"score":53.84983,"type":"homework"}]}
{"_id":"50b59cd75bed76f46522c350","class_id":5,"scores":[{"score":88.2295,"type":"exam"},{"score":79.28962,"type":"quiz"},{"score":18.66254,"type":"homework"},{"score":40.28154,"type":"homework"},{"score":1.23735,"type":"homework"},{"score":88.96101,"type":"homework"}]}
{"_id":"50b59cd75bed76f46522c351","class_id":16,"scores":[{"score":59.18056,"type":"exam"},{"score":47.5896,"type":"quiz"},{"score":6.4847,"type":"homework"},{"score":68.33519,"type":"homework"},{"score":78.53068,"type":"homework"}]}
{"_id":"50b59cd75bed76f46522c352","class_id":24,"scores":[{"score":4.44443,"type":"exam"},{"score":28.63057,"type":"quiz"},{"score":86.79352,"type":"homework"},{"score":83.91645,"type":"homework"}]}
{"_id":"50b59cd75bed76f46522c353","class_id":30,"scores":[{"score":14.34345,"type":"exam"},{"score":47.65945,"type":"quiz"},{"score":83.42772,"type":"homework"},{"score":49.86812,"type":"homework"},{"score":39.85525,"type":"homework"}]}
{"_id":"50b59cd75bed76f46522c354","class_id":7,"scores":[{"score":18.20492,"type":"exam"},{"score":60.47699,"type":"quiz"},{"score":75.62999,"type":"homework"},{"score":72.41228,"type":"homework"},{"score":74.06744,"type":"homework"}]}
{"_id":"50b59cd75bed76f46522c355","class_id":6,"scores":[{"score":56.81981,"type":"exam"},{"score":15.03004,"type":"quiz"},{"score":59.58797,"type":"homework"},{"score":67.42173,"type":"homework"},{"score":71.25502,"type":"homework"},{"score":94.46662,"type":"homework"}]}
{"_id":"50b59cd75bed76f46522c356","class_id":27,"scores":[{"score":60.19473,"type":"exam"},{"score":64.15966,"type":"quiz"},{"score":82.80835,"type":"homework"}]}
{"_id":"50b59cd75bed76f46522c357","class_id":11,"scores":[{"score":58.83297,"type":"exam"},{"score":49.66835,"type":"quiz"},{"score":18.05861,"type":"homework"},{"score":80.04086,"type":"homework"}]}
{"_id":"50b59cd75bed76f46522c358","class_id":10,"scores":[{"score":30.93065,"type":"exam"},{"score":55.98003,"type":"quiz"},{"score":55.67527,"type":"homework"},{"score":63.15391,"type":"homework"}]}
{"_id":"50b59cd75bed76f46522c359","class_id":18,"scores":[{"score":63.09737,"type":"exam"},{"score":69.08175,"type":"quiz"},{"score":34.6879,"type":"homework"}]}
{"_id":"50b59cd75bed76f46522c35a","class_id":22,"scores":[{"score":47.38775,"type":"exam"},{"score":9.96374,"type":"quiz"},{"score":22.17993,"type":"homework"},{"score":33.76471,"type":"homework"},{"score":18.29543,"type":"homework"}]}
{"_id":"50b59cd75bed76f46522c35b","class_id":28,"scores":[{"score":24.05118,"type":"exam"},{"score":77.89233,"type":"quiz"},{"score":68.8164,"type":"homework"},{"score":87.88279,"type":"homework"},{"score":83.36858,"type":"homework"}]}
{"_id":"50b59cd75bed76f46522c35c","class_id":16,"scores":[{"score":80.62124,"type":"exam"},{"score":40.64514,"type":"quiz"},{"score":91.50521,"type":"homework"},{"score":82.14256,"type":"homework"},{"score":16.64633,"type":"homework"}]}
{"_id":"50b59cd75bed76f46522c35d","class_id":13,"scores":[{"score":68.9337,"type":"exam"},{"score":65.39942,"type":"quiz"},{"score":43.1065,"type":"homework"},{"score":56.89478,"type":"homework"}]}
{"_id":"50b59cd75bed76f46522c35e","class_id":25,"scores":[{"score":5.23116,"type":"exam"},{"score":9.92244,"type":"quiz"},{"score":76.72085,"type":"homework"},{"score":41.14461,"type":"homework"},{"score":30.18199,"type":"homework"}]}
{"_id":"50b59cd75bed76f46522c35f","class_id":27,"scores":[{"score":70.32953,"type":"exam"},{"score":66.2422,"type":"quiz"},{"score":79.21965,"type":"homework"},{"score":78.68052,"type":"homework"}]}
{"_id":"50b59cd75bed76f46522c360","class_id":24,"scores":[{"score":76.01876,"type":"exam"},{"score":47.44729,"type":"quiz"},{"score":4.7351,"type":"homework"},{"score":92.65331,"type":"homework"}]}
{"_id":"50b59cd75bed76f46522c361","class_id":10,"scores":[{"score":35.47946,"type":"exam"},{"score":94.14222,"type":"quiz"},{"score":58.43343,"type":"homework"},{"score":66.83562,"type":"homework"}]}
{"_id":"50b59cd75bed76f46522c362","class_id":9,"scores":[{"score":47.71786,"type":"exam"},{"score":82.48705,"type":"quiz"},{"score":75.44141,"type":"homework"},{"score":93.67951,"type":"homework"},{"score":59.86914,"type":"homework"},{"score":79.2257,"type":"homework"}]}
{"_id":"50b59cd75bed76f46522c363","class_id":25,"scores":[{"score":88.80822,"type":"exam"},{"score":42.19859,"type":"quiz"},{"score":14.97229,"type":"homework"},{"score":39.93448,"type":"homework"}]}
{"_id":"50b59cd75bed76f46522c364","class_id":12,"scores":[{"score":95.991,"type":"exam"},{"score":70.27334,"type":"quiz"},{"score":48.76991,"type":"homework"},{"score":7.83201,"type":"homework"}]}
{"_id":"50b59cd75bed76f46522c365","class_id":11,"scores":[{"score":95.79505,"type":"exam"},{"score":99.70947,"type":"quiz"},{"score":91.73962,"type":"homework"},{"score":96.83139,"type":"homework"},{"score":50.2671,"type":"homework"}]}
{"_id":"50b59cd75bed76f46522c366","class_id":3,"scores":[{"score":86.25877,"type":"exam"},{"score":0.71654,"type":"quiz"},{"score":70.07859,"type":"homework"},{"score":61.00984,"type":"homework"}]}
{"_id":"50b59cd75bed76f46522c367","class_id":13,"scores":[{"score":8.94201,"type":"exam"},{"score":66.81472,"type":"quiz"},{"score":70.07131,"type":"homework"},{"score":61.30296,"type":"homework"},{"score":64.57682,"type":"homework"},{"score":28.33686,"type":"homework"}]}
{"_id":"50b59cd75bed76f46522c368","class_id":7,"scores":[{"score":31.08963,"type":"exam"},{"score":78.15707,"type":"quiz"},{"score":40.7525,"type":"homework"},{"score":55.00421,"type":"homework"},{"score":28.21576,"type":"homework"},{"score":31.41446,"type":"homework"}]}
{"_id":"50b59cd75bed76f46522c369","class_id":16,"scores":[{"score":0.59987,"type":"exam"},{"score":78.67763,"type":"quiz"},{"score":64.11811,"type":"homework"}]}
{"_id":"50b59cd75bed76f46522c36a","class_id":5,"scores":[{"score":5.46672,"type":"exam"},{"score":48.70365,"type":"quiz"},{"score":84.00121,"type":"homework"},{"score":67.53163,"type":"homework"},{"score":66.19091,"type":"homework"}]}
{"_id":"50b59cd75bed76f46522c36b","class_id":26,"scores":[{"score":44.49334,"type":"exam"},{"score":89.45022,"type":"quiz"},{"score":43.21248,"type":"homework"},{"score":84.06963,"type":"homework"}]}
{"_id":"50b59cd75bed76f46522c36c","class_id":24,"scores":[{"score":46.17925,"type":"exam"},{"score":82.20087,"type":"quiz"},{"score":84.69188,"type":"homework"},{"score":62.01243,"type":"homework"},{"score":64.92031,"type":"homework"},{"score":55.57211,"type":"homework"}]}
{"_id":"50b59cd75bed76f46522c36d","class_id":8,"scores":[{"score":60.13912,"type":"exam"},{"score":16.49453,"type":"quiz"},{"score":20.64686,"type":"homework"},{"score":72.032,"type":"homework"},{"score":23.97256,"type":"homework"}]}
{"_id":"50b59cd75bed76f46522c36e","class_id":19,"scores":[{"score":91.60286,"type":"exam"},{"score":77.86504,"type":"quiz"},{"score":56.59544,"type":"homework"},{"score":79.14974,"type":"homework"}]}
{"_id":"50b59cd75bed76f46522c36f","class_id":12,"scores":[{"score":0.6543,"type":"exam"},{"score":65.75264,"type":"quiz"},{"score":73.27285,"type":"homework"},{"score":25.56205,"type":"homework"}]}
{"_id":"50b59cd75bed76f46522c370","class_id":0,"scores":[{"score":67.50593,"type":"exam"},{"score":60.43052,"type":"quiz"},{"score":98.63464,"type":"homework"},{"score":6.71934,"type":"homework"},{"score":43.61408,"type":"homework"},{"score":92.01607,"type":"homework"}]}
{"_id":"50b59cd75bed76f46522c371","class_id":19,"scores":[{"score":15.36563,"type":"exam"},{"score":15.05646,"type":"quiz"},{"score":23.96468,"type":"homework"},{"score":72.72838,"type":"homework"},{"score":89.70059,"type":"homework"}]}
{"_id":"50b59cd75bed76f46522c372","class_id":30,"scores":[{"score":73.48459,"type":"exam"},{"score":75.01135,"type":"quiz"},{"score":86.41339,"type":"homework"},{"score":6.27138,"type":"homework"},{"score":98.50624,"type":"homework"}]}
{"_id":"50b59cd75bed76f46522c373","class_id":18,"scores":[{"score":73.04238,"type":"exam"},{"score":27.95508,"type":"quiz"},{"score":22.86693,"type":"homework"},{"score":48.16973,"type":"homework"},{"score":35.72781,"type":"homework"}]}
{"_id":"50b59cd75bed76f46522c374","class_id":23,"scores":[{"score":21.58296,"type":"exam"},{"score":3.63458,"type":"quiz"},{"score":68.24631,"type":"homework"},{"score":9.13194,"type":"homework"},{"score":29.69618,"type":"homework"},{"score":78.33555,"type":"homework"}]}
{"_id":"50b59cd75bed76f46522c375","class_id":0,"scores":[{"score":43.64758,"type":"exam"},{"score":62.64445,"type":"quiz"},{"score":89.13292,"type":"homework"},{"score":52.88092,"type":"homework"}]}
{"_id":"50b59cd75bed76f46522c376","class_id":8,"scores":[{"score":22.38732,"type":"exam"},{"score":61.0978,"type":"quiz"},{"score":95.21804,"type":"homework"},{"score":18.58695,"type":"homework"},{"score":36.07345,"type":"homework"}]}
{"_id":"50b59cd75bed76f46522c377","class_id":16,"scores":[{"score":33.39752,"type":"exam"},{"score":92.72484,"type":"quiz"},{"score":69.96783,"type":"homework"},{"score":60.84747,"type":"homework"}]}
{"_id":"50b59cd75bed76f46522c378","class_id":21,"scores":[{"score":46.179,"type":"exam"},{"score":91.53032,"type":"quiz"},{"score":38.57523,"type":"homework"}]}
{"_id":"50b59cd75bed76f46522c379","class_id":9,"scores":[{"score":98.34929,"type":"exam"},{"score":34.61107,"type":"quiz"},{"score":47.35578,"type":"homework"}]}
{"_id":"50b59cd75bed76f46522c37a","class_id":20,"scores":[{"score":55.41495,"type":"exam"},{"score":80.7809,"type":"quiz"},{"score":5.32775,"type":"homework"}]}
{"_id":"50b59cd75bed76f46522c37b","class_id":22,"scores":[{"score":7.22285,"type":"exam"},{"score":0.85644,"type":"quiz"},{"score":76.58867,"type":"homework"},{"score":7.34745,"type":"homework"}]}
{"_id":"50b59cd75bed76f46522c37c","class_id":29,"scores":[{"score":62.87126,"type":"exam"},{"score":29.45861,"type":"quiz"},{"score":32.02141,"type":"homework"},{"score":12.3958,"type":"homework"},{"score":52.61677,"type":"homework"}]}
{"_id":"50b59cd75bed76f46522c37d","class_id":28,"scores":[{"score":54.53656,"type":"exam"},{"score":8.36028,"type":"quiz"},{"score":7.10717,"type":"homework"},{"score":45.80634,"type":"homework"}]}
{"_id":"50b59cd75bed76f46522c37e","class_id":8,"scores":[{"score":24.77044,"type":"exam"},{"score":67.44847,"type":"quiz"},{"score":10.17399,"type":"homework"},{"score":61.43163,"type":"homework"},{"score":59.4269,"type":"homework"},{"score":6.24943,"type":"homework"}]}
{"_id":"50b59cd75bed76f46522c37f","class_id":17,"scores":[{"score":28.3365,"type":"exam"},{"score":3.74478,"type":"quiz"},{"score":83.20252,"type":"homework"},{"score":48.86672,"type":"homework"},{"score":26.63526,"type":"homework"},{"score":10.93021,"type":"homework"}]}
{"_id":"50b59cd75bed76f46522c380","class_id":17,"scores":[{"score":62.60252,"type":"exam"},{"score":32.67097,"type":"quiz"},{"score":62.43367,"type":"homework"},{"score":91.40718,"type":"homework"},{"score":25.84007,"type":"homework"}]}
{"_id":"50b59cd75bed76f46522c381","class_id":29,"scores":[{"score":7.33833,"type":"exam"},{"score":68.78802,"type":"quiz"},{"score":84.12135,"type":"homework"}]}
{"_id":"50b59cd75bed76f46522c382","class_id":4,"scores":[{"score":43.22861,"type":"exam"},{"score":48.7107,"type":"quiz"},{"score":85.91363,"type":"homework"},{"score":87.13683,"type":"homework"},{"score":52.41439,"type":"homework"},{"score":51.05496,"type":"homework"}]}
{"_id":"50b59cd75bed76f46522c383","class_id":11,"scores":[{"score":89.12537,"type":"exam"},{"score":11.48939,"type":"quiz"},{"score":16.96585,"type":"homework"},{"score":17.87609,"type":"homework"},{"score":80.93286,"type":"homework"},{"score":28.93004,"type":"homework"}]}
{"_id":"50b59cd75bed76f46522c384","class_id":13,"scores":[{"score":40.25329,"type":"exam"},{"score":69.09906,"type":"quiz"},{"score":86.44481,"type":"homework"},{"score":7.82704,"type":"homework"}]}
{"_id":"50b59cd75bed76f46522c385","class_id":0,"scores":[{"score":11.45806,"type":"exam"},{"score":1.85065,"type":"quiz"},{"score":61.65417,"type":"homework"}]}
{"_id":"50b59cd75bed76f46522c386","class_id":20,"scores":[{"score":85.29538,"type":"exam"},{"score":8.0053,"type":"quiz"},{"score":88.79988,"type":"homework"}]}
{"_id":"50b59cd75bed76f46522c387","class_id":0,"scores":[{"score":84.8683,"type":"exam"},{"score":16.5663,"type":"quiz"},{"score":18.51093,"type":"homework"},{"score":15.86472,"type":"homework"},{"score":24.97295,"type":"homework"},{"score":74.32473,"type":"homework"}]}
{"_id":"50b59cd75bed76f46522c388","class_id":14,"scores":[{"score":58.04134,"type":"exam"},{"score":11.00392,"type":"quiz"},{"score":98.92399,"type":"homework"}]}
{"_id":"50b59cd75bed76f46522c389","class_id":30,"scores":[{"score":32.06467,"type":"exam"},{"score":5.03339,"type":"quiz"},{"score":4.65328,"type":"homework"},{"score":9.57045,"type":"homework"}]}
{"_id":"50b59cd75bed76f46522c38a","class_id":9,"scores":[{"score":68.49249,"type":"exam"},{"score":86.58313,"type":"quiz"},{"score":60.05047,"type":"homework"},{"score":19.41878,"type":"homework"},{"score":66.26934,"type":"homework"}]}
{"_id":"50b59cd75bed76f46522c38b","class_id":3,"scores":[{"score":64.93468,"type":"exam"},{"score":32.20214,"type":"quiz"},{"score":59.40646,"type":"homework"}]}
{"_id":"50b59cd75bed76f46522c38c","class_id":10,"scores":[{"score":73.51414,"type":"exam"},{"score":90.79209,"type":"quiz"},{"score":85.84321,"type":"homework"}]}
{"_id":"50b59cd75bed76f46522c38d","class_id":5,"scores":[{"score":56.72772,"type":"exam"},{"score":12.07144,"type":"quiz"},{"score":45.72214,"type":"homework"}]}
{"_id":"50b59cd75bed76f46522c38e","class_id":16,"scores":[{"score":85.30603,"type":"exam"},{"score":63.13172,"type":"quiz"},{"score":95.64071,"type":"homework"},{"score":40.28609,"type":"homework"},{"score":15.59403,"type":"homework"}]}
{"_id":"50b59cd75bed76f46522c38f","class_id":8,"scores":[{"score":24.14,"type":"exam"},{"score":18.71542,"type":"quiz"},{"score":69.02053,"type":"homework"},{"score":0.09963,"type":"homework"}]}
{"_id":"50b59cd75bed76f46522c390","class_id":17,"scores":[{"score":76.43862,"type":"exam"},{"score":24.01487,"type":"quiz"},{"score":11.5105,"type":"homework"},{"score":55.21991,"type":"homework"},{"score":68.81384,"type":"homework"},{"score":53.37561,"type":"homework"}]}
{"_id":"50b59cd75bed76f46522c391","class_id":15,"scores":[{"score":85.20875,"type":"exam"},{"score":45.50089,"type":"quiz"},{"score":52.77197,"type":"homework"}]}
{"_id":"50b59cd75bed76f46522c392","class_id":5,"scores":[{"score":69.17634,"type":"exam"},{"score":61.20182,"type":"quiz"},{"score":73.32936,"type":"homework"},{"score":15.20631,"type":"homework"},{"score":36.75297,"type":"homework"},{"score":64.42913,"type":"homework"}]}
{"_id":"50b59cd75bed76f46522c393","class_id":24,"scores":[{"score":46.40632,"type":"exam"},{"score":10.18101,"type":"quiz"},{"score":46.31414,"type":"homework"}]}
{"_id":"50b59cd75bed76f46522c394","class_id":25,"scores":[{"score":8.55677,"type":"exam"},{"score":5.20988,"type":"quiz"},{"score":41.32019,"type":"homework"},{"score":42.29046,"type":"homework"},{"score":72.34988,"type":"homework"}]}
{"_id":"50b59cd75bed76f46522c395","class_id":21,"scores":[{"score":13.20781,"type":"exam"},{"score":26.92398,"type":"quiz"},{"score":23.12908,"type":"homework"},{"score":4.05467,"type":"homework"}]}
{"_id":"50b59cd75bed76f46522c396","class_id":13,"scores":[{"score":9.87706,"type":"exam"},{"score":4.95339,"type":"quiz"},{"score":86.98095,"type":"homework"},{"score":10.80408,"type":"homework"},{"score":96.9096,"type":"homework"},{"score":77.8935,"type":"homework"}]}
{"_id":"50b59cd75bed76f46522c397","class_id":27,"scores":[{"score":49.62461,"type":"exam"},{"score":59.85828,"type":"quiz"},{"score":99.45407,"type":"homework"},{"score":16.66649,"type":"homework"},{"score":39.34336,"type":"homework"}]}
{"_id":"50b59cd75bed76f46522c398","class_id":10,"scores":[{"score":43.9267,"type":"exam"},{"score":82.59644,"type":"quiz"},{"score":30.59181,"type":"homework"},{"score":48.15439,"type":"homework"},{"score":27.22553,"type":"homework"}]}
{"_id":"50b59cd75bed76f46522c399","class_id":3,"scores":[{"score":30.85759,"type":"exam"},{"score":87.65532,"type":"quiz"},{"score":92.24588,"type":"homework"}]}
{"_id":"50b59cd75bed76f46522c39a","class_id":11,"scores":[{"score":78.20433,"type":"exam"},{"score":81.94971,"type":"quiz"},{"score":0.04794,"type":"homework"},{"score":38.92307,"type":"homework"},{"score":86.99268,"type":"homework"}]}
{"_id":"50b59cd75bed76f46522c39b","class_id":23,"scores":[{"score":26.98572,"type":"exam"},{"score":50.03333,"type":"quiz"},{"score":97.37669,"type":"homework"},{"score":66.74833,"type":"homework"},{"score":47.82042,"type":"homework"}]}
{"_id":"50b59cd75bed76f46522c39c","class_id":4,"scores":[{"score":74.51653,"type":"exam"},{"score":1.11744,"type":"quiz"},{"score":81.77015,"type":"homework"},{"score":38.80702,"type":"homework"},{"score":49.51759,"type":"homework"},{"score":9.48049,"type":"homework"}]}
{"_id":"50b59cd75bed76f46522c39d","class_id":22,"scores":[{"score":93.68723,"type":"exam"},{"score":97.44391,"type":"quiz"},{"score":22.11304,"type":"homework"},{"score":81.86156,"type":"homework"},{"score":0.43214,"type":"homework"},{"score":21.43022,"type":"homework"}]}
{"_id":"50b59cd75bed76f46522c39e","class_id":11,"scores":[{"score":83.0497,"type":"exam"},{"score":74.58039,"type":"quiz"},{"score":9.69263,"type":"homework"},{"score":76.84904,"type":"homework"}]}
{"_id":"50b59cd75bed76f46522c39f","class_id":20,"scores":[{"score":99.70054,"type":"exam"},{"score":51.98658,"type":"quiz"},{"score":93.55713,"type":"homework"}]}
{"_id":"50b59cd75bed76f46522c3a0","class_id":7,"scores":[{"score":79.77321,"type":"exam"},{"score":72.01016,"type":"quiz"},{"score":67.34988,"type":"homework"},{"score":39.90912,"type":"homework"}]}
{"_id":"50b59cd75bed76f46522c3a1","class_id":6,"scores":[{"score":99.4938,"type":"exam"},{"score":20.6187,"type":"quiz"},{"score":1.8235,"type":"homework"},{"score":26.09772,"type":"homework"}]}
{"_id":"50b59cd75bed76f46522c3a2","class_id":17,"scores":[{"score":36.82195,"type":"exam"},{"score":1.24184,"type":"quiz"},{"score":5.60149,"type":"homework"},{"score":79.95124,"type":"homework"},{"score":53.03916,"type":"homework"}]}
{"_id":"50b59cd75bed76f46522c3a3","class_id":11,"scores":[{"score":22.32212,"type":"exam"},{"score":95.35941,"type":"quiz"},{"score":19.33941,"type":"homework"},{"score":19.46396,"type":"homework"}]}
{"_id":"50b59cd75bed76f46522c3a4","class_id":17,"scores":[{"score":94.08333,"type":"exam"},{"score":90.86607,"type":"quiz"},{"score":3.50539,"type":"homework"},{"score":2.11408,"type":"homework"},{"score":45.73982,"type":"homework"},{"score":53.40371,"type":"homework"}]}
{"_id":"50b59cd75bed76f46522c3a5","class_id":6,"scores":[{"score":4.43967,"type":"exam"},{"score":15.02882,"type":"quiz"},{"score":48.34414,"type":"homework"},{"score":9.72904,"type":"homework"},{"score":69.76955,"type":"homework"},{"score":34.02044,"type":"homework"}]}
{"_id":"50b59cd75bed76f46522c3a6","class_id":0,"scores":[{"score":84.22482,"type":"exam"},{"score":68.51195,"type":"quiz"},{"score":48.13558,"type":"homework"}]}
{"_id":"50b59cd75bed76f46522c3a7","class_id":27,"scores":[{"score":26.10647,"type":"exam"},{"score":44.00942,"type":"quiz"},{"score":39.47916,"type":"homework"},{"score":45.43364,"type":"homework"}]}
{"_id":"50b59cd75bed76f46522c3a8","class_id":24,"scores":[{"score":77.02148,"type":"exam"},{"score":3.34962,"type":"quiz"},{"score":42.6907,"type":"homework"},{"score":48.4044,"type":"homework"},{"score":46.44118,"type":"homework"}]}
{"_id":"50b59cd75bed76f46522c3a9","class_id":18,"scores":[{"score":53.36498,"type":"exam"},{"score":45.11331,"type":"quiz"},{"score":3.4371,"type":"homework"},{"score":52.72418,"type":"homework"},{"score":11.09505,"type":"homework"}]}
{"_id":"50b59cd75bed76f46522c3aa","class_id":21,"scores":[{"score":25.84221,"type":"exam"},{"score":12.95283,"type":"quiz"},{"score":97.93077,"type":"homework"},{"score":74.72833,"type":"homework"},{"score":2.47607,"type":"homework"}]}
{"_id":"50b59cd75bed76f46522c3ab","class_id":14,"scores":[{"score":69.73816,"type":"exam"},{"score":74.53609,"type":"quiz"},{"score":87.00277,"type":"homework"}]}
{"_id":"50b59cd75bed76f46522c3ac","class_id":22,"scores":[{"score":25.5773,"type":"exam"},{"score":85.78485,"type":"quiz"},{"score":6.98586,"type":"homework"},{"score":71.74897,"type":"homework"},{"score":0.10415,"type":"homework"}]}
{"_id":"50b59cd75bed76f46522c3ad","class_id":15,"scores":[{"score":96.96878,"type":"exam"},{"score":44.16698,"type":"quiz"},{"score":33.15513,"type":"homework"}]}
{"_id":"50b59cd75bed76f46522c3ae","class_id":9,"scores":[{"score":75.9342,"type":"exam"},{"score":70.60699,"type":"quiz"},{"score":14.04793,"type":"homework"},{"score":93.84979,"type":"homework"},{"score":60.08159,"type":"homework"},{"score":90.80688,"type":"homework"}]}
{"_id":"50b59cd75bed76f46522c3af","class_id":19,"scores":[{"score":65.20513,"type":"exam"},{"score":57.29567,"type":"quiz"},{"score":90.7612,"type":"homework"},{"score":4.34376,"type":"homework"},{"score":5.13059,"type":"homework"}]}
{"_id":"50b59cd75bed76f46522c3b0","class_id":30,"scores":[{"score":43.77979,"type":"exam"},{"score":73.37223,"type":"quiz"},{"score":17.19265,"type":"homework"},{"score":70.22148,"type":"homework"},{"score":29.81795,"type":"homework"}]}
{"_id":"50b59cd75bed76f46522c3b1","class_id":4,"scores":[{"score":50.45224,"type":"exam"},{"score":92.14559,"type":"quiz"},{"score":63.58903,"type":"homework"}]}
{"_id":"50b59cd75bed76f46522c3b2","class_id":12,"scores":[{"score":28.44616,"type":"exam"},{"score":61.68253,"type":"quiz"},{"score":48.70395,"type":"homework"},{"score":60.14281,"type":"homework"},{"score":67.18766,"type":"homework"},{"score":88.01503,"type":"homework"}]}
{"_id":"50b59cd75bed76f46522c3b3","class_id":21,"scores":[{"score":47.52492,"type":"exam"},{"score":47.40642,"type":"quiz"},{"score":38.44163,"type":"homework"},{"score":84.93437,"type":"homework"},{"score":94.21378,"type":"homework"}]}
{"_id":"50b59cd75bed76f46522c3b4","class_id":23,"scores":[{"score":19.09718,"type":"exam"},{"score":58.75595,"type":"quiz"},{"score":25.46104,"type":"homework"},{"score":21.68105,"type":"homework"}]}
{"_id":"50b59cd75bed76f46522c3b5","class_id":20,"scores":[{"score":49.38182,"type":"exam"},{"score":78.27223,"type":"quiz"},{"score":2.45056,"type":"homework"},{"score":47.43852,"type":"homework"},{"score":81.88557,"type":"homework"}]}
{"_id":"50b59cd75bed76f46522c3b6","class_id":16,"scores":[{"score":24.20577,"type":"exam"},{"score":72.48098,"type":"quiz"},{"score":5.24231,"type":"homework"},{"score":23.73615,"type":"homework"},{"score":90.78241,"type":"homework"},{"score":90.32454,"type":"homework"}]}
{"_id":"50b59cd75bed76f46522c3b7","class_id":8,"scores":[{"score":16.78164,"type":"exam"},{"score":3.42224,"type":"quiz"},{"score":10.41606,"type":"homework"}]}
{"_id":"50b59cd75bed76f46522c3b8","class_id":3,"scores":[{"score":46.15664,"type":"exam"},{"score":16.13198,"type":"quiz"},{"score":50.35542,"type":"homework"},{"score":64.23321,"type":"homework"}]}
{"_id":"50b59cd75bed76f46522c3b9","class_id":5,"scores":[{"score":33.7276,"type":"exam"},{"score":45.87139,"type":"quiz"},{"score":67.44122,"type":"homework"},{"score":64.59618,"type":"homework"},{"score":87.34397,"type":"homework"}]}
{"_id":"50b59cd75bed76f46522c3ba","class_id":22,"scores":[{"score":18.14021,"type":"exam"},{"score":64.6745,"type":"quiz"},{"score":85.06374,"type":"homework"},{"score":17.53889,"type":"homework"},{"score":8.4967,"type":"homework"}]}
{"_id":"50b59cd75bed76f46522c3bb","class_id":29,"scores":[{"score":92.88139,"type":"exam"},{"score":3.50752,"type":"quiz"},{"score":39.56717,"type":"homework"},{"score":65.97113,"type":"homework"},{"score":53.65342,"type":"homework"}]}
{"_id":"50b59cd75bed76f46522c3bc","class_id":29,"scores":[{"score":86.10901,"type":"exam"},{"score":79.0764,"type":"quiz"},{"score":4.44914,"type":"homework"},{"score":68.83534,"type":"homework"},{"score":96.02676,"type":"homework"}]}
{"_id":"50b59cd75bed76f46522c3bd","class_id":25,"scores":[{"score":12.0661,"type":"exam"},{"score":27.32898,"type":"quiz"},{"score":47.01918,"type":"homework"},{"score":4.37867,"type":"homework"},{"score":43.85828,"type":"homework"},{"score":20.126,"type":"homework"}]}
{"_id":"50b59cd75bed76f46522c3be","class_id":12,"scores":[{"score":7.23452,"type":"exam"},{"score":59.8173,"type":"quiz"},{"score":57.6584,"type":"homework"},{"score":47.71179,"type":"homework"}]}
{"_id":"50b59cd75bed76f46522c3bf","class_id":3,"scores":[{"score":61.46652,"type":"exam"},{"score":23.89203,"type":"quiz"},{"score":57.83654,"type":"homework"},{"score":26.84058,"type":"homework"},{"score":64.1315,"type":"homework"},{"score":51.16747,"type":"homework"}]}
{"_id":"50b59cd75bed76f46522c3c0","class_id":6,"scores":[{"score":46.20489,"type":"exam"},{"score":3.79235,"type":"quiz"},{"score":53.76374,"type":"homework"}]}
{"_id":"50b59cd75bed76f46522c3c1","class_id":30,"scores":[{"score":64.00277,"type":"exam"},{"score":35.13031,"type":"quiz"},{"score":41.3804,"type":"homework"},{"score":20.04236,"type":"homework"},{"score":67.33236,"type":"homework"}]}
{"_id":"50b59cd75bed76f46522c3c2","class_id":26,"scores":[{"score":55.939,"type":"exam"},{"score":48.33321,"type":"quiz"},{"score":3.74929,"type":"homework"},{"score":42.17426,"type":"homework"},{"score":51.99083,"type":"homework"},{"score":80.16223,"type":"homework"}]}
{"_id":"50b59cd75bed76f46522c3c3","class_id":16,"scores":[{"score":27.68631,"type":"exam"},{"score":25.21038,"type":"quiz"},{"score":66.32564,"type":"homework"},{"score":45.75538,"type":"homework"},{"score":27.88983,"type":"homework"},{"score":56.13277,"type":"homework"}]}
{"_id":"50b59cd75bed76f46522c3c4","class_id":1,"scores":[{"score":82.81431,"type":"exam"},{"score":26.88697,"type":"quiz"},{"score":91.90995,"type":"homework"}]}
{"_id":"50b59cd75bed76f46522c3c5","class_id":11,"scores":[{"score":32.88633,"type":"exam"},{"score":82.37416,"type":"quiz"},{"score":11.50124,"type":"homework"}]}
{"_id":"50b59cd75bed76f46522c3c6","class_id":10,"scores":[{"score":89.94206,"type":"exam"},{"score":75.88411,"type":"quiz"},{"score":31.84916,"type":"homework"},{"score":54.70314,"type":"homework"}]}
{"_id":"50b59cd75bed76f46522c3c7","class_id":22,"scores":[{"score":90.02522,"type":"exam"},{"score":11.50285,"type":"quiz"},{"score":92.5491,"type":"homework"},{"score":86.83187,"type":"homework"},{"score":60.83637,"type":"homework"},{"score":15.07683,"type":"homework"}]}
{"_id":"50b59cd75bed76f46522c3c8","class_id":25,"scores":[{"score":47.16859,"type":"exam"},{"score":99.90921,"type":"quiz"},{"score":8.16653,"type":"homework"},{"score":98.53813,"type":"homework"},{"score":42.31572,"type":"homework"},{"score":49.6301,"type":"homework"}]}
{"_id":"50b59cd75bed76f46522c3c9","class_id":30,"scores":[{"score":21.10611,"type":"exam"},{"score":41.757,"type":"quiz"},{"score":81.84176,"type":"homework"},{"score":42.46232,"type":"homework"},{"score":99.62785,"type":"homework"},{"score":89.44679,"type":"homework"}]}
{"_id":"50b59cd75bed76f46522c3ca","class_id":26,"scores":[{"score":30.86519,"type":"exam"},{"score":77.97577,"type":"quiz"},{"score":45.12892,"type":"homework"}]}
{"_id":"50b59cd75bed76f46522c3cb","class_id":19,"scores":[{"score":55.05224,"type":"exam"},{"score":95.20009,"type":"quiz"},{"score":79.9471,"type":"homework"}]}
{"_id":"50b59cd75bed76f46522c3cc","class_id":8,"scores":[{"score":84.12365,"type":"exam"},{"score":82.22294,"type":"quiz"},{"score":36.83389,"type":"homework"}]}
{"_id":"50b59cd75bed76f46522c3cd","class_id":1,"scores":[{"score":50.24004,"type":"exam"},{"score":55.86202,"type":"quiz"},{"score":26.5162,"type":"homework"},{"score":82.96748,"type":"homework"}]}
{"_id":"50b59cd75bed76f46522c3ce","class_id":20,"scores":[{"score":88.66959,"type":"exam"},{"score":3.68674,"type":"quiz"},{"score":10.71346,"type":"homework"},{"score":15.14038,"type":"homework"},{"score":12.5901,"type":"homework"}]}
{"_id":"50b59cd75bed76f46522c3cf","class_id":18,"scores":[{"score":39.86292,"type":"exam"},{"score":65.21955,"type":"quiz"},{"score":25.76757,"type":"homework"}]}
{"_id":"50b59cd75bed76f46522c3d0","class_id":8,"scores":[{"score":49.56498,"type":"exam"},{"score":45.96281,"type":"quiz"},{"score":3.64217,"type":"homework"},{"score":15.60563,"type":"homework"}]}
{"_id":"50b59cd75bed76f46522c3d1","class_id":3,"scores":[{"score":21.95879,"type":"exam"},{"score":81.92635,"type":"quiz"},{"score":66.39036,"type":"homework"},{"score":37.14382,"type":"homework"},{"score":82.98701,"type":"homework"},{"score":20.68358,"type":"homework"}]}
{"_id":"50b59cd75bed76f46522c3d2","class_id":11,"scores":[{"score":92.68245,"type":"exam"},{"score":10.42383,"type":"quiz"},{"score":35.47524,"type":"homework"},{"score":5.07812,"type":"homework"},{"score":88.90326,"type":"homework"},{"score":39.74271,"type":"homework"}]}
{"_id":"50b59cd75bed76f46522c3d3","class_id":27,"scores":[{"score":5.58137,"type":"exam"},{"score":22.29885,"type":"quiz"},{"score":72.51488,"type":"homework"},{"score":27.58862,"type":"homework"},{"score":40.69019,"type":"homework"},{"score":60.62882,"type":"homework"}]}
{"_id":"50b59cd75bed76f46522c3d4","class_id":7,"scores":[{"score":18.55546,"type":"exam"},{"score":68.99413,"type":"quiz"},{"score":20.46767,"type":"homework"},{"score":19.97027,"type":"homework"},{"score":20.79627,"type":"homework"}]}
{"_id":"50b59cd75bed76f46522c3d5","class_id":17,"scores":[{"score":68.06174,"type":"exam"},{"score":53.65887,"type":"quiz"},{"score":67.52386,"type":"homework"}]}
{"_id":"50b59cd75bed76f46522c3d6","class_id":24,"scores":[{"score":3.06342,"type":"exam"},{"score":22.87364,"type":"quiz"},{"score":18.84297,"type":"homework"},{"score":54.97821,"type":"homework"},{"score":77.00845,"type":"homework"},{"score":53.03574,"type":"homework"}]}
{"_id":"50b59cd75bed76f46522c3d7","class_id":10,"scores":[{"score":71.88314,"type":"exam"},{"score":70.36173,"type":"quiz"},{"score":1.0919,"type":"homework"},{"score":98.42316,"type":"homework"},{"score":67.61751,"type":"homework"}]}
{"_id":"50b59cd75bed76f46522c3d8","class_id":22,"scores":[{"score":18.25873,"type":"exam"},{"score":33.07221,"type":"quiz"},{"score":97.60356,"type":"homework"},{"score":4.73268,"type":"homework"},{"score":1.96188,"type":"homework"},{"score":13.55944,"type":"homework"}]}
{"_id":"50b59cd75bed76f46522c3d9","class_id":23,"scores":[{"score":80.37041,"type":"exam"},{"score":85.25532,"type":"quiz"},{"score":22.58401,"type":"homework"}]}
{"_id":"50b59cd75bed76f46522c3da","class_id":26,"scores":[{"score":18.6644,"type":"exam"},{"score":38.29092,"type":"quiz"},{"score":37.73256,"type":"homework"}]}
{"_id":"50b59cd75bed76f46522c3db","class_id":14,"scores":[{"score":16.91857,"type":"exam"},{"score":55.27468,"type":"quiz"},{"score":29.27598,"type":"homework"},{"score":18.39744,"type":"homework"},{"score":26.35372,"type":"homework"},{"score":29.70066,"type":"homework"}]}
{"_id":"50b59cd75bed76f46522c3dc","class_id":2,"scores":[{"score":54.63228,"type":"exam"},{"score":80.32204,"type":"quiz"},{"score":71.15014,"type":"homework"},{"score":57.08053,"type":"homework"}]}
{"_id":"50b59cd75bed76f46522c3dd","class_id":2,"scores":[{"score":39.80522,"type":"exam"},{"score":85.59336,"type":"quiz"},{"score":16.30164,"type":"homework"},{"score":4.62963,"type":"homework"}]}
{"_id":"50b59cd75bed76f46522c3de","class_id":7,"scores":[{"score":44.9797,"type":"exam"},{"score":85.31845,"type":"quiz"},{"score":93.04356,"type":"homework"},{"score":60.2923,"type":"homework"},{"score":79.6378,"type":"homework"}]}
{"_id":"50b59cd75bed76f46522c3df","class_id":15,"scores":[{"score":61.50085,"type":"exam"},{"score":29.30294,"type":"quiz"},{"score":25.6364,"type":"homework"},{"score":57.93101,"type":"homework"},{"score":58.8554,"type":"homework"},{"score":29.70426,"type":"homework"}]}
{"_id":"50b59cd75bed76f46522c3e0","class_id":18,"scores":[{"score":22.97682,"type":"exam"},{"score":89.75582,"type":"quiz"},{"score":10.40978,"type":"homework"},{"score":63.99609,"type":"homework"}]}
{"_id":"50b59cd75bed76f46522c3e1","class_id":0,"scores":[{"score":60.29183,"type":"exam"},{"score":35.21382,"type":"quiz"},{"score":78.78531,"type":"homework"},{"score":14.08119,"type":"homework"}]}
{"_id":"50b59cd75bed76f46522c3e2","class_id":19,"scores":[{"score":14.00159,"type":"exam"},{"score":24.21342,"type":"quiz"},{"score":3.65861,"type":"homework"},{"score":40.21671,"type":"homework"},{"score":85.52518,"type":"homework"}]}
{"_id":"50b59cd75bed76f46522c3e3","class_id":12,"scores":[{"score":44.08051,"type":"exam"},{"score":24.85357,"type":"quiz"},{"score":11.80437,"type":"homework"},{"score":71.2508,"type":"homework"},{"score":21.91871,"type":"homework"}]}
{"_id":"50b59cd75bed76f46522c3e4","class_id":6,"scores":[{"score":3.79925,"type":"exam"},{"score":37.60048,"type":"quiz"},{"score":81.30287,"type":"homework"},{"score":37.80491,"type":"homework"}]}
{"_id":"50b59cd75bed76f46522c3e5","class_id":25,"scores":[{"score":42.23071,"type":"exam"},{"score":71.62782,"type":"quiz"},{"score":32.75059,"type":"homework"},{"score":47.76436,"type":"homework"}]}
{"_id":"50b59cd75bed76f46522c3e6","class_id":27,"scores":[{"score":46.26853,"type":"exam"},{"score":9.67433,"type":"quiz"},{"score":33.97105,"type":"homework"}]}
{"_id":"50b59cd75bed76f46522c3e7","class_id":9,"scores":[{"score":76.70308,"type":"exam"},{"score":35.74373,"type":"quiz"},{"score":29.19639,"type":"homework"},{"score":18.47278,"type":"homework"}]}
{"_id":"50b59cd75bed76f46522c3e8","class_id":5,"scores":[{"score":82.15236,"type":"exam"},{"score":10.10828,"type":"quiz"},{"score":11.8906,"type":"homework"},{"score":96.19877,"type":"homework"}]}
{"_id":"50b59cd75bed76f46522c3e9","class_id":23,"scores":[{"score":68.81555,"type":"exam"},{"score":66.26037,"type":"quiz"},{"score":87.79508,"type":"homework"},{"score":67.74796,"type":"homework"},{"score":64.16334,"type":"homework"}]}
{"_id":"50b59cd75bed76f46522c3ea","class_id":29,"scores":[{"score":62.47836,"type":"exam"},{"score":85.90694,"type":"quiz"},{"score":16.79272,"type":"homework"}]}
{"_id":"50b59cd75bed76f46522c3eb","class_id":6,"scores":[{"score":77.14694,"type":"exam"},{"score":32.45833,"type":"quiz"},{"score":11.33537,"type":"homework"},{"score":16.83029,"type":"homework"},{"score":18.05123,"type":"homework"}]}
{"_id":"50b59cd75bed76f46522c3ec","class_id":9,"scores":[{"score":18.48808,"type":"exam"},{"score":14.37023,"type":"quiz"},{"score":29.5977,"type":"homework"}]}
{"_id":"50b59cd75bed76f46522c3ed","class_id":4,"scores":[{"score":34.14048,"type":"exam"},{"score":45.21754,"type":"quiz"},{"score":33.49373,"type":"homework"},{"score":92.49613,"type":"homework"}]}
{"_id":"50b59cd75bed76f46522c3ee","class_id":16,"scores":[{"score":91.10262,"type":"exam"},{"score":70.14828,"type":"quiz"},{"score":31.13659,"type":"homework"},{"score":54.67251,"type":"homework"}]}
{"_id":"50b59cd75bed76f46522c3ef","class_id":22,"scores":[{"score":48.53687,"type":"exam"},{"score":54.255,"type":"quiz"},{"score":38.84255,"type":"homework"},{"score":24.91987,"type":"homework"},{"score":55.7141,"type":"homework"}]}
{"_id":"50b59cd75bed76f46522c3f0","class_id":1,"scores":[{"score":13.57476,"type":"exam"},{"score":28.27997,"type":"quiz"},{"score":72.40032,"type":"homework"}]}
{"_id":"50b59cd75bed76f46522c3f1","class_id":7,"scores":[{"score":63.15698,"type":"exam"},{"score":30.41484,"type":"quiz"},{"score":9.3621,"type":"homework"},{"score":4.48935,"type":"homework"}]}
{"_id":"50b59cd75bed76f46522c3f2","class_id":28,"scores":[{"score":63.86968,"type":"exam"},{"score":18.90484,"type":"quiz"},{"score":93.74556,"type":"homework"}]}
{"_id":"50b59cd75bed76f46522c3f3","class_id":12,"scores":[{"score":7.19748,"type":"exam"},{"score":27.76181,"type":"quiz"},{"score":3.70603,"type":"homework"},{"score":45.81943,"type":"homework"},{"score":20.08304,"type":"homework"},{"score":63.31092,"type":"homework"}]}
{"_id":"50b59cd75bed76f46522c3f4","class_id":11,"scores":[{"score":10.03145,"type":"exam"},{"score":80.05275,"type":"quiz"},{"score":95.51703,"type":"homework"}]}
{"_id":"50b59cd75bed76f46522c3f5","class_id":25,"scores":[{"score":8.52347,"type":"exam"},{"score":15.12734,"type":"quiz"},{"score":36.23107,"type":"homework"},{"score":18.92291,"type":"homework"},{"score":45.51781,"type":"homework"}]}
{"_id":"50b59cd75bed76f46522c3f6","class_id":2,"scores":[{"score":1.19784,"type":"exam"},{"score":20.3134,"type":"quiz"},{"score":81.24718,"type":"homework"}]}
{"_id":"50b59cd75bed76f46522c3f7","class_id":15,"scores":[{"score":91.54192,"type":"exam"},{"score":57.21695,"type":"quiz"},{"score":51.30647,"type":"homework"},{"score":7.19014,"type":"homework"},{"score":10.58892,"type":"homework"}]}
{"_id":"50b59cd75bed76f46522c3f8","class_id":4,"scores":[{"score":52.88413,"type":"exam"},{"score":70.81561,"type":"quiz"},{"score":68.17945,"type":"homework"},{"score":47.54804,"type":"homework"},{"score":84.66123,"type":"homework"},{"score":66.31027,"type":"homework"}]}
{"_id":"50b59cd75bed76f46522c3f9","class_id":17,"scores":[{"score":20.90675,"type":"exam"},{"score":32.1027,"type":"quiz"},{"score":46.1217,"type":"homework"},{"score":8.38353,"type":"homework"},{"score":94.27553,"type":"homework"}]}
{"_id":"50b59cd75bed76f46522c3fa","class_id":7,"scores":[{"score":74.81463,"type":"exam"},{"score":64.0442,"type":"quiz"},{"score":15.48308,"type":"homework"}]}
{"_id":"50b59cd75bed76f46522c3fb","class_id":3,"scores":[{"score":62.52802,"type":"exam"},{"score":82.10574,"type":"quiz"},{"score":37.63519,"type":"homework"}]}
{"_id":"50b59cd75bed76f46522c3fc","class_id":0,"scores":[{"score":22.0401,"type":"exam"},{"score":27.99165,"type":"quiz"},{"score":34.38961,"type":"homework"},{"score":47.10444,"type":"homework"},{"score":3.04468,"type":"homework"},{"score":56.42007,"type":"homework"}]}
{"_id":"50b59cd75bed76f46522c3fd","class_id":16,"scores":[{"score":49.74571,"type":"exam"},{"score":78.31908,"type":"quiz"},{"score":21.60918,"type":"homework"}]}
{"_id":"50b59cd75bed76f46522c3fe","class_id":6,"scores":[{"score":91.86971,"type":"exam"},{"score":93.82838,"type":"quiz"},{"score":28.81846,"type":"homework"},{"score":95.04044,"type":"homework"},{"score":69.02391,"type":"homework"},{"score":46.11842,"type":"homework"}]}
{"_id":"50b59cd75bed76f46522c3ff","class_id":29,"scores":[{"score":60.5254,"type":"exam"},{"score":87.60791,"type":"quiz"},{"score":72.34681,"type":"homework"},{"score":51.58895,"type":"homework"}]}
{"_id":"50b59cd75bed76f46522c400","class_id":1,"scores":[{"score":65.16484,"type":"exam"},{"score":11.9909,"type":"quiz"},{"score":80.77469,"type":"homework"},{"score":39.35983,"type":"homework"}]}
{"_id":"50b59cd75bed76f46522c401","class_id":19,"scores":[{"score":46.67153,"type":"exam"},{"score":69.55041,"type":"quiz"},{"score":90.20775,"type":"homework"},{"score":6.36488,"type":"homework"},{"score":18.63715,"type":"homework"},{"score":72.76387,"type":"homework"}]}
{"_id":"50b59cd75bed76f46522c402","class_id":2,"scores":[{"score":6.0529,"type":"exam"},{"score":65.71585,"type":"quiz"},{"score":48.25042,"type":"homework"}]}
{"_id":"50b59cd75bed76f46522c403","class_id":0,"scores":[{"score":80.21806,"type":"exam"},{"score":91.30483,"type":"quiz"},{"score":22.03875,"type":"homework"},{"score":11.77044,"type":"homework"},{"score":60.89655,"type":"homework"},{"score":67.77118,"type":"homework"}]}
{"_id":"50b59cd75bed76f46522c404","class_id":22,"scores":[{"score":22.56922,"type":"exam"},{"score":88.74529,"type":"quiz"},{"score":60.26207,"type":"homework"},{"score":85.15296,"type":"homework"},{"score":48.25866,"type":"homework"},{"score":17.55124,"type":"homework"}]}
{"_id":"50b59cd75bed76f46522c405","class_id":29,"scores":[{"score":89.46403,"type":"exam"},{"score":0.84994,"type":"quiz"},{"score":34.04407,"type":"homework"}]}
{"_id":"50b59cd75bed76f46522c406","class_id":16,"scores":[{"score":86.86094,"type":"exam"},{"score":46.61884,"type":"quiz"},{"score":27.08114,"type":"homework"},{"score":76.5058,"type":"homework"}]}
{"_id":"50b59cd75bed76f46522c407","class_id":24,"scores":[{"score":17.24327,"type":"exam"},{"score":48.59985,"type":"quiz"},{"score":49.0583,"type":"homework"},{"score":63.08196,"type":"homework"},{"score":52.12056,"type":"homework"},{"score":53.16854,"type":"homework"}]}
{"_id":"50b59cd75bed76f46522c408","class_id":2,"scores":[{"score":91.62924,"type":"exam"},{"score":97.0144,"type":"quiz"},{"score":15.7731,"type":"homework"}]}
{"_id":"50b59cd75bed76f46522c409","class_id":23,"scores":[{"score":33.20785,"type":"exam"},{"score":27.22336,"type":"quiz"},{"score":75.00435,"type":"homework"},{"score":81.06187,"type":"homework"},{"score":97.45345,"type":"homework"}]}
{"_id":"50b59cd75bed76f46522c40a","class_id":1,"scores":[{"score":82.78088,"type":"exam"},{"score":10.67562,"type":"quiz"},{"score":59.82907,"type":"homework"},{"score":37.99484,"type":"homework"},{"score":76.82965,"type":"homework"}]}
{"_id":"50b59cd75bed76f46522c40b","class_id":15,"scores":[{"score":25.92668,"type":"exam"},{"score":72.31941,"type":"quiz"},{"score":50.01521,"type":"homework"}]}
{"_id":"50b59cd75bed76f46522c40c","class_id":12,"scores":[{"score":19.803,"type":"exam"},{"score":92.91751,"type":"quiz"},{"score":21.02766,"type":"homework"},{"score":76.21677,"type":"homework"}]}
{"_id":"50b59cd75bed76f46522c40d","class_id":23,"scores":[{"score":56.66053,"type":"exam"},{"score":23.67646,"type":"quiz"},{"score":9.79259,"type":"homework"},{"score":61.71754,"type":"homework"},{"score":30.69319,"type":"homework"}]}
{"_id":"50b59cd75bed76f46522c40e","class_id":5,"scores":[{"score":48.82801,"type":"exam"},{"score":83.41833,"type":"quiz"},{"score":65.7048,"type":"homework"},{"score":55.62001,"type":"homework"}]}
{"_id":"50b59cd75bed76f46522c40f","class_id":30,"scores":[{"score":16.10973,"type":"exam"},{"score":68.06923,"type":"quiz"},{"score":87.06302,"type":"homework"}]}
{"_id":"50b59cd75bed76f46522c410","class_id":25,"scores":[{"score":82.18693,"type":"exam"},{"score":96.8838,"type":"quiz"},{"score":93.24257,"type":"homework"},{"score":51.56091,"type":"homework"},{"score":44.05782,"type":"homework"},{"score":58.10217,"type":"homework"}]}
{"_id":"50b59cd75bed76f46522c411","class_id":27,"scores":[{"score":29.79112,"type":"exam"},{"score":9.76929,"type":"quiz"},{"score":47.35469,"type":"homework"},{"score":42.96575,"type":"homework"},{"score":44.10579,"type":"homework"}]}
{"_id":"50b59cd75bed76f46522c412","class_id":10,"scores":[{"score":65.48768,"type":"exam"},{"score":72.48639,"type":"quiz"},{"score":13.17507,"type":"homework"}]}
{"_id":"50b59cd75bed76f46522c413","class_id":28,"scores":[{"score":4.1244,"type":"exam"},{"score":61.57783,"type":"quiz"},{"score":30.19667,"type":"homework"},{"score":33.23722,"type":"homework"},{"score":41.38965,"type":"homework"}]}
{"_id":"50b59cd75bed76f46522c414","class_id":7,"scores":[{"score":48.72692,"type":"exam"},{"score":54.37177,"type":"quiz"},{"score":72.75056,"type":"homework"},{"score":21.98864,"type":"homework"},{"score":34.45287,"type":"homework"}]}
{"_id":"50b59cd75bed76f46522c415","class_id":26,"scores":[{"score":12.80489,"type":"exam"},{"score":94.59469,"type":"quiz"},{"score":73.65844,"type":"homework"},{"score":74.25441,"type":"homework"},{"score":58.2876,"type":"homework"},{"score":55.80136,"type":"homework"}]}
{"_id":"50b59cd75bed76f46522c416","class_id":22,"scores":[{"score":97.85647,"type":"exam"},{"score":31.66095,"type":"quiz"},{"score":94.94742,"type":"homework"},{"score":19.48411,"type":"homework"},{"score":70.07733,"type":"homework"}]}
{"_id":"50b59cd75bed76f46522c417","class_id":18,"scores":[{"score":92.08083,"type":"exam"},{"score":13.60234,"type":"quiz"},{"score":42.34289,"type":"homework"},{"score":84.6729,"type":"homework"},{"score":22.40953,"type":"homework"},{"score":1.44965,"type":"homework"}]}
{"_id":"50b59cd75bed76f46522c418","class_id":10,"scores":[{"score":39.81586,"type":"exam"},{"score":60.3673,"type":"quiz"},{"score":44.14221,"type":"homework"}]}
{"_id":"50b59cd75bed76f46522c419","class_id":23,"scores":[{"score":51.21876,"type":"exam"},{"score":57.59874,"type":"quiz"},{"score":79.46253,"type":"homework"},{"score":61.94009,"type":"homework"},{"score":29.13645,"type":"homework"},{"score":5.11003,"type":"homework"}]}
{"_id":"50b59cd75bed76f46522c41a","class_id":6,"scores":[{"score":88.90192,"type":"exam"},{"score":53.35327,"type":"quiz"},{"score":16.20834,"type":"homework"},{"score":71.83241,"type":"homework"},{"score":17.00694,"type":"homework"}]}
{"_id":"50b59cd75bed76f46522c41b","class_id":14,"scores":[{"score":23.77918,"type":"exam"},{"score":93.31664,"type":"quiz"},{"score":4.9346,"type":"homework"}]}
{"_id":"50b59cd75bed76f46522c41c","class_id":26,"scores":[{"score":72.29196,"type":"exam"},{"score":45.38168,"type":"quiz"},{"score":85.80761,"type":"homework"}]}
{"_id":"50b59cd75bed76f46522c41d","class_id":16,"scores":[{"score":66.65315,"type":"exam"},{"score":83.16993,"type":"quiz"},{"score":89.81459,"type":"homework"}]}
{"_id":"50b59cd75bed76f46522c41e","class_id":25,"scores":[{"score":51.61051,"type":"exam"},{"score":48.96321,"type":"quiz"},{"score":54.8289,"type":"homework"}]}
{"_id":"50b59cd75bed76f46522c41f","class_id":28,"scores":[{"score":0.49578,"type":"exam"},{"score":15.45496,"type":"quiz"},{"score":24.72541,"type":"homework"}]}
{"_id":"50b59cd75bed76f46522c420","class_id":3,"scores":[{"score":84.58698,"type":"exam"},{"score":30.56115,"type":"quiz"},{"score":20.00893,"type":"homework"},{"score":41.95108,"type":"homework"}]}
{"_id":"50b59cd75bed76f46522c421","class_id":4,"scores":[{"score":28.74511,"type":"exam"},{"score":7.71658,"type":"quiz"},{"score":24.95566,"type":"homework"}]}
{"_id":"50b59cd75bed76f46522c422","class_id":7,"scores":[{"score":90.64037,"type":"exam"},{"score":4.25254,"type":"quiz"},{"score":39.33924,"type":"homework"},{"score":70.11018,"type":"homework"}]}
{"_id":"50b59cd75bed76f46522c423","class_id":19,"scores":[{"score":11.45922,"type":"exam"},{"score":80.03627,"type":"quiz"},{"score":32.88618,"type":"homework"}]}
{"_id":"50b59cd75bed76f46522c424","class_id":30,"scores":[{"score":21.62889,"type":"exam"},{"score":91.97785,"type":"quiz"},{"score":44.15725,"type":"homework"},{"score":6.05573,"type":"homework"}]}
{"_id":"50b59cd75bed76f46522c425","class_id":17,"scores":[{"score":47.26471,"type":"exam"},{"score":25.33754,"type":"quiz"},{"score":5.28445,"type":"homework"},{"score":41.30099,"type":"homework"},{"score":98.88182,"type":"homework"},{"score":60.91939,"type":"homework"}]}
{"_id":"50b59cd75bed76f46522c426","class_id":23,"scores":[{"score":69.05106,"type":"exam"},{"score":31.07416,"type":"quiz"},{"score":54.64296,"type":"homework"},{"score":55.81086,"type":"homework"},{"score":12.0156,"type":"homework"},{"score":59.46172,"type":"homework"}]}
{"_id":"50b59cd75bed76f46522c427","class_id":26,"scores":[{"score":59.2188,"type":"exam"},{"score":88.36333,"type":"quiz"},{"score":92.97264,"type":"homework"},{"score":81.9501,"type":"homework"}]}
{"_id":"50b59cd75bed76f46522c428","class_id":0,"scores":[{"score":74.17959,"type":"exam"},{"score":55.79321,"type":"quiz"},{"score":20.88656,"type":"homework"},{"score":59.57451,"type":"homework"}]}
{"_id":"50b59cd75bed76f46522c429","class_id":9,"scores":[{"score":49.19007,"type":"exam"},{"score":10.49208,"type":"quiz"},{"score":81.16116,"type":"homework"},{"score":46.46539,"type":"homework"}]}
{"_id":"50b59cd75bed76f46522c42a","class_id":3,"scores":[{"score":44.94142,"type":"exam"},{"score":38.23841,"type":"quiz"},{"score":39.69674,"type":"homework"},{"score":79.70572,"type":"homework"}]}
{"_id":"50b59cd75bed76f46522c42b","class_id":27,"scores":[{"score":46.94576,"type":"exam"},{"score":72.63805,"type":"quiz"},{"score":78.75558,"type":"homework"},{"score":48.25867,"type":"homework"},{"score":12.71946,"type":"homework"}]}
{"_id":"50b59cd75bed76f46522c42c","class_id":8,"scores":[{"score":75.37943,"type":"exam"},{"score":21.93922,"type":"quiz"},{"score":49.78542,"type":"homework"},{"score":11.87916,"type":"homework"},{"score":96.19343,"type":"homework"}]}
{"_id":"50b59cd75bed76f46522c42d","class_id":22,"scores":[{"score":39.66282,"type":"exam"},{"score":1.34551,"type":"quiz"},{"score":49.30964,"type":"homework"}]}
{"_id":"50b59cd75bed76f46522c42e","class_id":15,"scores":[{"score":91.05198,"type":"exam"},{"score":12.82846,"type":"quiz"},{"score":37.89546,"type":"homework"}]}
{"_id":"50b59cd75bed76f46522c42f","class_id":28,"scores":[{"score":49.46085,"type":"exam"},{"score":97.31951,"type":"quiz"},{"score":26.17235,"type":"homework"}]}
{"_id":"50b59cd75bed76f46522c430","class_id":23,"scores":[{"score":61.04589,"type":"exam"},{"score":88.8287,"type":"quiz"},{"score":17.25008,"type":"homework"}]}
{"_id":"50b59cd75bed76f46522c431","class_id":18,"scores":[{"score":92.62628,"type":"exam"},{"score":3.23154,"type":"quiz"},{"score":23.51871,"type":"homework"},{"score":35.35363,"type":"homework"},{"score":26.02268,"type":"homework"}]}
{"_id":"50b59cd75bed76f46522c432","class_id":2,"scores":[{"score":22.80162,"type":"exam"},{"score":48.23349,"type":"quiz"},{"score":16.63214,"type":"homework"},{"score":16.44942,"type":"homework"}]}
{"_id":"50b59cd75bed76f46522c433","class_id":14,"scores":[{"score":97.19309,"type":"exam"},{"score":10.44531,"type":"quiz"},{"score":88.69715,"type":"homework"},{"score":36.80473,"type":"homework"},{"score":34.31867,"type":"homework"},{"score":40.87297,"type":"homework"}]}
{"_id":"50b59cd75bed76f46522c434","class_id":22,"scores":[{"score":18.26684,"type":"exam"},{"score":66.77702,"type":"quiz"},{"score":18.92794,"type":"homework"},{"score":11.39876,"type":"homework"},{"score":71.00265,"type":"homework"}]}
{"_id":"50b59cd75bed76f46522c435","class_id":19,"scores":[{"score":20.8985,"type":"exam"},{"score":25.24485,"type":"quiz"},{"score":34.71132,"type":"homework"},{"score":53.78829,"type":"homework"}]}
{"_id":"50b59cd75bed76f46522c436","class_id":16,"scores":[{"score":92.71381,"type":"exam"},{"score":9.08771,"type":"quiz"},{"score":0.44216,"type":"homework"},{"score":27.7924,"type":"homework"},{"score":64.4688,"type":"homework"}]}
{"_id":"50b59cd75bed76f46522c437","class_id":30,"scores":[{"score":12.86715,"type":"exam"},{"score":7.09704,"type":"quiz"},{"score":31.79488,"type":"homework"}]}
{"_id":"50b59cd75bed76f46522c438","class_id":24,"scores":[{"score":78.93544,"type":"exam"},{"score":26.23127,"type":"quiz"},{"score":34.13541,"type":"homework"},{"score":91.93044,"type":"homework"},{"score":69.68005,"type":"homework"},{"score":33.82057,"type":"homework"}]}
{"_id":"50b59cd75bed76f46522c439","class_id":1,"scores":[{"score":15.40746,"type":"exam"},{"score":71.62867,"type":"quiz"},{"score":80.87879,"type":"homework"},{"score":94.40446,"type":"homework"},{"score":94.87221,"type":"homework"},{"score":24.95489,"type":"homework"}]}
{"_id":"50b59cd75bed76f46522c43a","class_id":10,"scores":[{"score":42.61385,"type":"exam"},{"score":64.19181,"type":"quiz"},{"score":2.06522,"type":"homework"},{"score":32.58121,"type":"homework"},{"score":68.51088,"type":"homework"}]}
{"_id":"50b59cd75bed76f46522c43b","class_id":15,"scores":[{"score":40.18333,"type":"exam"},{"score":51.02669,"type":"quiz"},{"score":11.83152,"type":"homework"}]}
{"_id":"50b59cd75bed76f46522c43c","class_id":18,"scores":[{"score":35.15222,"type":"exam"},{"score":89.47335,"type":"quiz"},{"score":84.69409,"type":"homework"},{"score":64.87622,"type":"homework"},{"score":98.42543,"type":"homework"}]}
{"_id":"50b59cd75bed76f46522c43d","class_id":3,"scores":[{"score":19.13656,"type":"exam"},{"score":41.14706,"type":"quiz"},{"score":49.42963,"type":"homework"}]}
{"_id":"50b59cd75bed76f46522c43e","class_id":19,"scores":[{"score":99.9822,"type":"exam"},{"score":36.73984,"type":"quiz"},{"score":57.64938,"type":"homework"}]}
{"_id":"50b59cd75bed76f46522c43f","class_id":20,"scores":[{"score":89.86568,"type":"exam"},{"score":86.67438,"type":"quiz"},{"score":19.65015,"type":"homework"},{"score":41.18037,"type":"homework"}]}
{"_id":"50b59cd75bed76f46522c440","class_id":30,"scores":[{"score":42.40027,"type":"exam"},{"score":7.67083,"type":"quiz"},{"score":48.4876,"type":"homework"}]}
{"_id":"50b59cd75bed76f46522c441","class_id":15,"scores":[{"score":50.44491,"type":"exam"},{"score":72.04043,"type":"quiz"},{"score":45.37008,"type":"homework"},{"score":56.71508,"type":"homework"},{"score":50.08781,"type":"homework"}]}
{"_id":"50b59cd75bed76f46522c442","class_id":17,"scores":[{"score":74.47951,"type":"exam"},{"score":14.036,"type":"quiz"},{"score":73.5559,"type":"homework"}]}
{"_id":"50b59cd75bed76f46522c443","class_id":10,"scores":[{"score":19.91406,"type":"exam"},{"score":51.81408,"type":"quiz"},{"score":22.33214,"type":"homework"},{"score":34.44948,"type":"homework"}]}
{"_id":"50b59cd75bed76f46522c444","class_id":5,"scores":[{"score":63.67953,"type":"exam"},{"score":8.46205,"type":"quiz"},{"score":94.42833,"type":"homework"}]}
{"_id":"50b59cd75bed76f46522c445","class_id":0,"scores":[{"score":74.95288,"type":"exam"},{"score":66.51502,"type":"quiz"},{"score":48.52678,"type":"homework"},{"score":83.31079,"type":"homework"},{"score":3.86351,"type":"homework"}]}
{"_id":"50b59cd75bed76f46522c446","class_id":18,"scores":[{"score":46.93728,"type":"exam"},{"score":8.88186,"type":"quiz"},{"score":31.09945,"type":"homework"},{"score":76.53517,"type":"homework"},{"score":56.43348,"type":"homework"},{"score":9.15123,"type":"homework"}]}
{"_id":"50b59cd75bed76f46522c447","class_id":26,"scores":[{"score":97.00228,"type":"exam"},{"score":40.58432,"type":"quiz"},{"score":35.47368,"type":"homework"}]}
{"_id":"50b59cd75bed76f46522c448","class_id":14,"scores":[{"score":80.30672,"type":"exam"},{"score":62.98158,"type":"quiz"},{"score":99.6826,"type":"homework"},{"score":38.18691,"type":"homework"},{"score":10.61146,"type":"homework"}]}
{"_id":"50b59cd75bed76f46522c449","class_id":18,"scores":[{"score":62.72522,"type":"exam"},{"score":7.74911,"type":"quiz"},{"score":38.43335,"type":"homework"},{"score":34.33863,"type":"homework"},{"score":4.43015,"type":"homework"},{"score":91.3528,"type":"homework"}]}
{"_id":"50b59cd75bed76f46522c44a","class_id":5,"scores":[{"score":72.65459,"type":"exam"},{"score":63.20501,"type":"quiz"},{"score":74.32988,"type":"homework"}]}
{"_id":"50b59cd75bed76f46522c44b","class_id":23,"scores":[{"score":77.70619,"type":"exam"},{"score":1.82983,"type":"quiz"},{"score":78.94705,"type":"homework"}]}
{"_id":"50b59cd75bed76f46522c44c","class_id":2,"scores":[{"score":13.11109,"type":"exam"},{"score":41.14297,"type":"quiz"},{"score":48.4189,"type":"homework"},{"score":97.97354,"type":"homework"},{"score":55.1993,"type":"homework"},{"score":26.92606,"type":"homework"}]}
{"_id":"50b59cd75bed76f46522c44d","class_id":10,"scores":[{"score":87.72109,"type":"exam"},{"score":59.63881,"type":"quiz"},{"score":28.59104,"type":"homework"},{"score":42.1022,"type":"homework"},{"score":95.27076,"type":"homework"},{"score":53.12159,"type":"homework"}]}
{"_id":"50b59cd75bed76f46522c44e","class_id":11,"scores":[{"score":26.72199,"type":"exam"},{"score":77.18217,"type":"quiz"},{"score":83.64388,"type":"homework"},{"score":33.70315,"type":"homework"}]}
{"_id":"50b59cd75bed76f46522c44f","class_id":22,"scores":[{"score":64.8611,"type":"exam"},{"score":28.08953,"type":"quiz"},{"score":69.18381,"type":"homework"},{"score":77.58331,"type":"homework"},{"score":21.65032,"type":"homework"},{"score":89.83774,"type":"homework"}]}
{"_id":"50b59cd75bed76f46522c450","class_id":15,"scores":[{"score":15.35756,"type":"exam"},{"score":3.84841,"type":"quiz"},{"score":32.06241,"type":"homework"},{"score":38.31291,"type":"homework"}]}
{"_id":"50b59cd75bed76f46522c451","class_id":28,"scores":[{"score":22.8584,"type":"exam"},{"score":32.22322,"type":"quiz"},{"score":32.09442,"type":"homework"}]}
{"_id":"50b59cd75bed76f46522c452","class_id":18,"scores":[{"score":1.1932,"type":"exam"},{"score":88.38645,"type":"quiz"},{"score":67.1158,"type":"homework"}]}
{"_id":"50b59cd75bed76f46522c453","class_id":27,"scores":[{"score":99.40408,"type":"exam"},{"score":32.50527,"type":"quiz"},{"score":49.56581,"type":"homework"},{"score":1.4157,"type":"homework"}]}
{"_id":"50b59cd75bed76f46522c454","class_id":11,"scores":[{"score":99.40117,"type":"exam"},{"score":71.8866,"type":"quiz"},{"score":25.06937,"type":"homework"},{"score":65.8216,"type":"homework"}]}
{"_id":"50b59cd75bed76f46522c455","class_id":7,"scores":[{"score":99.36623,"type":"exam"},{"score":65.26254,"type":"quiz"},{"score":56.46699,"type":"homework"},{"score":1.50057,"type":"homework"},{"score":78.38127,"type":"homework"},{"score":52.39672,"type":"homework"}]}
{"_id":"50b59cd75bed76f46522c456","class_id":1,"scores":[{"score":79.9098,"type":"exam"},{"score":54.01572,"type":"quiz"},{"score":62.90185,"type":"homework"},{"score":98.52746,"type":"homework"},{"score":77.56244,"type":"homework"}]}
{"_id":"50b59cd75bed76f46522c457","class_id":21,"scores":[{"score":69.57649,"type":"exam"},{"score":93.31283,"type":"quiz"},{"score":60.00644,"type":"homework"},{"score":34.55591,"type":"homework"}]}
{"_id":"50b59cd75bed76f46522c458","class_id":5,"scores":[{"score":3.32563,"type":"exam"},{"score":44.84328,"type":"quiz"},{"score":73.90266,"type":"homework"}]}
{"_id":"50b59cd75bed76f46522c459","class_id":13,"scores":[{"score":89.10486,"type":"exam"},{"score":46.38187,"type":"quiz"},{"score":29.69314,"type":"homework"}]}
{"_id":"50b59cd75bed76f46522c45a","class_id":25,"scores":[{"score":86.75713,"type":"exam"},{"score":68.78448,"type":"quiz"},{"score":34.28759,"type":"homework"},{"score":31.10596,"type":"homework"}]}
{"_id":"50b59cd75bed76f46522c45b","class_id":6,"scores":[{"score":67.95421,"type":"exam"},{"score":50.40097,"type":"quiz"},{"score":86.81824,"type":"homework"},{"score":46.2356,"type":"homework"},{"score":50.83542,"type":"homework"},{"score":16.33296,"type":"homework"}]}
{"_id":"50b59cd75bed76f46522c45c","class_id":29,"scores":[{"score":58.96961,"type":"exam"},{"score":54.65621,"type":"quiz"},{"score":33.05273,"type":"homework"}]}
{"_id":"50b59cd75bed76f46522c45d","class_id":3,"scores":[{"score":17.15646,"type":"exam"},{"score":19.18145,"type":"quiz"},{"score":1.11988,"type":"homework"},{"score":82.66568,"type":"homework"}]}
{"_id":"50b59cd75bed76f46522c45e","class_id":20,"scores":[{"score":27.7939,"type":"exam"},{"score":29.18509,"type":"quiz"},{"score":59.51122,"type":"homework"},{"score":74.05819,"type":"homework"},{"score":86.91457,"type":"homework"}]}
{"_id":"50b59cd75bed76f46522c45f","class_id":22,"scores":[{"score":52.05822,"type":"exam"},{"score":92.2741,"type":"quiz"},{"score":10.97882,"type":"homework"},{"score":89.73843,"type":"homework"}]}
{"_id":"50b59cd75bed76f46522c460","class_id":2,"scores":[{"score":25.42712,"type":"exam"},{"score":2.69015,"type":"quiz"},{"score":4.78621,"type":"homework"}]}
{"_id":"50b59cd75bed76f46522c461","class_id":10,"scores":[{"score":19.75901,"type":"exam"},{"score":88.3027,"type":"quiz"},{"score":20.93512,"type":"homework"},{"score":56.73415,"type":"homework"},{"score":14.73286,"type":"homework"}]}
{"_id":"50b59cd75bed76f46522c462","class_id":14,"scores":[{"score":66.79008,"type":"exam"},{"score":6.83562,"type":"quiz"},{"score":84.0252,"type":"homework"}]}
{"_id":"50b59cd75bed76f46522c463","class_id":8,"scores":[{"score":87.50309,"type":"exam"},{"score":77.95047,"type":"quiz"},{"score":66.57605,"type":"homework"},{"score":69.07149,"type":"homework"},{"score":79.22032,"type":"homework"},{"score":25.87435,"type":"homework"}]}
{"_id":"50b59cd75bed76f46522c464","class_id":15,"scores":[{"score":17.49112,"type":"exam"},{"score":26.62981,"type":"quiz"},{"score":73.68898,"type":"homework"},{"score":39.87294,"type":"homework"},{"score":43.27472,"type":"homework"}]}
{"_id":"50b59cd75bed76f46522c465","class_id":29,"scores":[{"score":26.67878,"type":"exam"},{"score":43.34576,"type":"quiz"},{"score":2.37616,"type":"homework"},{"score":37.78991,"type":"homework"}]}
280 document(s) found.
