cp: failed to access 'linuxuser1owner/linuxuser1group40cp': Permission denied
cp: failed to access 'linuxuser1owner/linuxuser1other40cp': Permission denied
cp: failed to access 'linuxuser1owner/linuxuser1owner40cp': Permission denied
cp: failed to access 'linuxuser1owner/linuxuser2group40cp': Permission denied
cp: failed to access 'linuxuser1owner/linuxuser2other40cp': Permission denied
cp: failed to access 'linuxuser1owner/linuxuser2owner40cp': Permission denied

cp: cannot open 'linuxuser1group/linuxuser1owner' for reading: Permission denied
cp: cannot open 'linuxuser1group/linuxuser2group' for reading: Permission denied
cp: cannot open 'linuxuser1group/linuxuser2owner' for reading: Permission denied

cp: cannot open 'linuxuser1other/linuxuser1owner' for reading: Permission denied
cp: cannot open 'linuxuser1other/linuxuser2group' for reading: Permission denied
cp: cannot open 'linuxuser1other/linuxuser2owner' for reading: Permission denied

cp: failed to access 'linuxuser2owner/linuxuser1group40cp': Permission denied
cp: failed to access 'linuxuser2owner/linuxuser1other40cp': Permission denied
cp: failed to access 'linuxuser2owner/linuxuser1owner40cp': Permission denied
cp: failed to access 'linuxuser2owner/linuxuser2group40cp': Permission denied
cp: failed to access 'linuxuser2owner/linuxuser2other40cp': Permission denied
cp: failed to access 'linuxuser2owner/linuxuser2owner40cp': Permission denied

cp: failed to access 'linuxuser2group/linuxuser1group40cp': Permission denied
cp: failed to access 'linuxuser2group/linuxuser1other40cp': Permission denied
cp: failed to access 'linuxuser2group/linuxuser1owner40cp': Permission denied
cp: failed to access 'linuxuser2group/linuxuser2group40cp': Permission denied
cp: failed to access 'linuxuser2group/linuxuser2other40cp': Permission denied
cp: failed to access 'linuxuser2group/linuxuser2owner40cp': Permission denied

cp: cannot open 'linuxuser2other/linuxuser1owner' for reading: Permission denied
cp: cannot open 'linuxuser2other/linuxuser2group' for reading: Permission denied
cp: cannot open 'linuxuser2other/linuxuser2owner' for reading: Permission denied
rm: cannot remove 'linuxuser1owner/linuxuser1group40cp': Permission denied
rm: cannot remove 'linuxuser1owner/linuxuser1other40cp': Permission denied
rm: cannot remove 'linuxuser1owner/linuxuser1owner40cp': Permission denied
rm: cannot remove 'linuxuser1owner/linuxuser2group40cp': Permission denied
rm: cannot remove 'linuxuser1owner/linuxuser2other40cp': Permission denied
rm: cannot remove 'linuxuser1owner/linuxuser2owner40cp': Permission denied
rm: cannot remove 'linuxuser1group/linuxuser1owner40cp': No such file or directory
rm: cannot remove 'linuxuser1group/linuxuser2group40cp': No such file or directory
rm: cannot remove 'linuxuser1group/linuxuser2owner40cp': No such file or directory
rm: cannot remove 'linuxuser1other/linuxuser1owner40cp': No such file or directory
rm: cannot remove 'linuxuser1other/linuxuser2group40cp': No such file or directory
rm: cannot remove 'linuxuser1other/linuxuser2owner40cp': No such file or directory
rm: cannot remove 'linuxuser2owner/linuxuser1group40cp': Permission denied
rm: cannot remove 'linuxuser2owner/linuxuser1other40cp': Permission denied
rm: cannot remove 'linuxuser2owner/linuxuser1owner40cp': Permission denied
rm: cannot remove 'linuxuser2owner/linuxuser2group40cp': Permission denied
rm: cannot remove 'linuxuser2owner/linuxuser2other40cp': Permission denied
rm: cannot remove 'linuxuser2owner/linuxuser2owner40cp': Permission denied
rm: cannot remove 'linuxuser2group/linuxuser1group40cp': Permission denied
rm: cannot remove 'linuxuser2group/linuxuser1other40cp': Permission denied
rm: cannot remove 'linuxuser2group/linuxuser1owner40cp': Permission denied
rm: cannot remove 'linuxuser2group/linuxuser2group40cp': Permission denied
rm: cannot remove 'linuxuser2group/linuxuser2other40cp': Permission denied
rm: cannot remove 'linuxuser2group/linuxuser2owner40cp': Permission denied
rm: cannot remove 'linuxuser2other/linuxuser1owner40cp': No such file or directory
rm: cannot remove 'linuxuser2other/linuxuser2group40cp': No such file or directory
rm: cannot remove 'linuxuser2other/linuxuser2owner40cp': No such file or directory
