cp: failed to access 'linuxuser1owner/linuxuser1group11cp': Permission denied
cp: failed to access 'linuxuser1owner/linuxuser1other11cp': Permission denied
cp: failed to access 'linuxuser1owner/linuxuser1owner11cp': Permission denied
cp: failed to access 'linuxuser1owner/linuxuser2group11cp': Permission denied
cp: failed to access 'linuxuser1owner/linuxuser2other11cp': Permission denied
cp: failed to access 'linuxuser1owner/linuxuser2owner11cp': Permission denied

cp: cannot open 'linuxuser1group/linuxuser1owner' for reading: Permission denied
cp: cannot open 'linuxuser1group/linuxuser2owner' for reading: Permission denied

cp: cannot open 'linuxuser1other/linuxuser1owner' for reading: Permission denied
cp: cannot open 'linuxuser1other/linuxuser2owner' for reading: Permission denied

cp: failed to access 'linuxuser2owner/linuxuser1group11cp': Permission denied
cp: failed to access 'linuxuser2owner/linuxuser1other11cp': Permission denied
cp: failed to access 'linuxuser2owner/linuxuser1owner11cp': Permission denied
cp: failed to access 'linuxuser2owner/linuxuser2group11cp': Permission denied
cp: failed to access 'linuxuser2owner/linuxuser2other11cp': Permission denied
cp: failed to access 'linuxuser2owner/linuxuser2owner11cp': Permission denied

cp: cannot open 'linuxuser2group/linuxuser1owner' for reading: Permission denied
cp: cannot open 'linuxuser2group/linuxuser2owner' for reading: Permission denied

cp: cannot open 'linuxuser2other/linuxuser1owner' for reading: Permission denied
cp: cannot open 'linuxuser2other/linuxuser2owner' for reading: Permission denied
rm: cannot remove 'linuxuser1owner/linuxuser1group11cp': Permission denied
rm: cannot remove 'linuxuser1owner/linuxuser1other11cp': Permission denied
rm: cannot remove 'linuxuser1owner/linuxuser1owner11cp': Permission denied
rm: cannot remove 'linuxuser1owner/linuxuser2group11cp': Permission denied
rm: cannot remove 'linuxuser1owner/linuxuser2other11cp': Permission denied
rm: cannot remove 'linuxuser1owner/linuxuser2owner11cp': Permission denied
rm: cannot remove 'linuxuser1group/linuxuser1owner11cp': No such file or directory
rm: cannot remove 'linuxuser1group/linuxuser2owner11cp': No such file or directory
rm: cannot remove 'linuxuser1other/linuxuser1owner11cp': No such file or directory
rm: cannot remove 'linuxuser1other/linuxuser2owner11cp': No such file or directory
rm: cannot remove 'linuxuser2owner/linuxuser1group11cp': Permission denied
rm: cannot remove 'linuxuser2owner/linuxuser1other11cp': Permission denied
rm: cannot remove 'linuxuser2owner/linuxuser1owner11cp': Permission denied
rm: cannot remove 'linuxuser2owner/linuxuser2group11cp': Permission denied
rm: cannot remove 'linuxuser2owner/linuxuser2other11cp': Permission denied
rm: cannot remove 'linuxuser2owner/linuxuser2owner11cp': Permission denied
rm: cannot remove 'linuxuser2group/linuxuser1owner11cp': No such file or directory
rm: cannot remove 'linuxuser2group/linuxuser2owner11cp': No such file or directory
rm: cannot remove 'linuxuser2other/linuxuser1owner11cp': No such file or directory
rm: cannot remove 'linuxuser2other/linuxuser2owner11cp': No such file or directory
