This file is accessible by ldapuser1 group
This file is accessible by ldapuser1 other
This file is accessible by ldapuser1 owner
/tmp/ldapfiles/ldapuser1owner/ldapuser2group \(Input/output error\)
This file is accessible by ldapuser2 other
/tmp/ldapfiles/ldapuser1owner/ldapuser2owner \(Input/output error\)

This file is accessible by ldapuser1 group
This file is accessible by ldapuser1 other
This file is accessible by ldapuser1 owner
/tmp/ldapfiles/ldapuser1group/ldapuser2group \(Input/output error\)
This file is accessible by ldapuser2 other
/tmp/ldapfiles/ldapuser1group/ldapuser2owner \(Input/output error\)

This file is accessible by ldapuser1 group
This file is accessible by ldapuser1 other
This file is accessible by ldapuser1 owner
/tmp/ldapfiles/ldapuser1other/ldapuser2group \(Input/output error\)
This file is accessible by ldapuser2 other
/tmp/ldapfiles/ldapuser1other/ldapuser2owner \(Input/output error\)

cat: User ldapuser1\(user id 6001\)  does not have access to maprfs:/tmp/ldapfiles/ldapuser2owner

cat: User ldapuser1\(user id 6001\)  does not have access to maprfs:/tmp/ldapfiles/ldapuser2group

This file is accessible by ldapuser1 group
This file is accessible by ldapuser1 other
This file is accessible by ldapuser1 owner
/tmp/ldapfiles/ldapuser2other/ldapuser2group \(Input/output error\)
This file is accessible by ldapuser2 other
/tmp/ldapfiles/ldapuser2other/ldapuser2owner \(Input/output error\)
copyFromLocal: /tmp/ldapfiles/ldapuser1owner/ldapuser2group \(Permission denied\)
copyFromLocal: Could not set owner/group ldapuser2/ldapuser2 for path maprfs:///tmp/ldapfiles/ldapuser1owner/ldapuser2other1cp
copyFromLocal: /tmp/ldapfiles/ldapuser1owner/ldapuser2owner \(Permission denied\)

copyFromLocal: /tmp/ldapfiles/ldapuser1group/ldapuser2group \(Permission denied\)
copyFromLocal: Could not set owner/group ldapuser2/ldapuser2 for path maprfs:///tmp/ldapfiles/ldapuser1group/ldapuser2other1cp
copyFromLocal: /tmp/ldapfiles/ldapuser1group/ldapuser2owner \(Permission denied\)

copyFromLocal: /tmp/ldapfiles/ldapuser1other/ldapuser2group \(Permission denied\)
copyFromLocal: Could not set owner/group ldapuser2/ldapuser2 for path maprfs:///tmp/ldapfiles/ldapuser1other/ldapuser2other1cp
copyFromLocal: /tmp/ldapfiles/ldapuser1other/ldapuser2owner \(Permission denied\)

copyFromLocal: User ldapuser1\(user id 6001\)  does not have access to maprfs:/tmp/ldapfiles/ldapuser2owner/ldapuser1group1cp
copyFromLocal: User ldapuser1\(user id 6001\)  does not have access to maprfs:/tmp/ldapfiles/ldapuser2owner/ldapuser1other1cp
copyFromLocal: User ldapuser1\(user id 6001\)  does not have access to maprfs:/tmp/ldapfiles/ldapuser2owner/ldapuser1owner1cp
copyFromLocal: User ldapuser1\(user id 6001\)  does not have access to maprfs:/tmp/ldapfiles/ldapuser2owner/ldapuser2group1cp
copyFromLocal: User ldapuser1\(user id 6001\)  does not have access to maprfs:/tmp/ldapfiles/ldapuser2owner/ldapuser2other1cp
copyFromLocal: User ldapuser1\(user id 6001\)  does not have access to maprfs:/tmp/ldapfiles/ldapuser2owner/ldapuser2owner1cp

copyFromLocal: User ldapuser1\(user id 6001\)  does not have access to maprfs:/tmp/ldapfiles/ldapuser2group/ldapuser1group1cp
copyFromLocal: User ldapuser1\(user id 6001\)  does not have access to maprfs:/tmp/ldapfiles/ldapuser2group/ldapuser1other1cp
copyFromLocal: User ldapuser1\(user id 6001\)  does not have access to maprfs:/tmp/ldapfiles/ldapuser2group/ldapuser1owner1cp
copyFromLocal: User ldapuser1\(user id 6001\)  does not have access to maprfs:/tmp/ldapfiles/ldapuser2group/ldapuser2group1cp
copyFromLocal: User ldapuser1\(user id 6001\)  does not have access to maprfs:/tmp/ldapfiles/ldapuser2group/ldapuser2other1cp
copyFromLocal: User ldapuser1\(user id 6001\)  does not have access to maprfs:/tmp/ldapfiles/ldapuser2group/ldapuser2owner1cp

copyFromLocal: /tmp/ldapfiles/ldapuser2other/ldapuser2group \(Permission denied\)
copyFromLocal: Could not set owner/group ldapuser2/ldapuser2 for path maprfs:///tmp/ldapfiles/ldapuser2other/ldapuser2other1cp
copyFromLocal: /tmp/ldapfiles/ldapuser2other/ldapuser2owner \(Permission denied\)
Deleted /tmp/ldapfiles/ldapuser1owner/ldapuser1group1cp
Deleted /tmp/ldapfiles/ldapuser1owner/ldapuser1other1cp
Deleted /tmp/ldapfiles/ldapuser1owner/ldapuser1owner1cp
rm: `/tmp/ldapfiles/ldapuser1owner/ldapuser2group1cp': No such file or directory
Deleted /tmp/ldapfiles/ldapuser1owner/ldapuser2other1cp
rm: `/tmp/ldapfiles/ldapuser1owner/ldapuser2owner1cp': No such file or directory
Deleted /tmp/ldapfiles/ldapuser1group/ldapuser1group1cp
Deleted /tmp/ldapfiles/ldapuser1group/ldapuser1other1cp
Deleted /tmp/ldapfiles/ldapuser1group/ldapuser1owner1cp
rm: `/tmp/ldapfiles/ldapuser1group/ldapuser2group1cp': No such file or directory
Deleted /tmp/ldapfiles/ldapuser1group/ldapuser2other1cp
rm: `/tmp/ldapfiles/ldapuser1group/ldapuser2owner1cp': No such file or directory
Deleted /tmp/ldapfiles/ldapuser1other/ldapuser1group1cp
Deleted /tmp/ldapfiles/ldapuser1other/ldapuser1other1cp
Deleted /tmp/ldapfiles/ldapuser1other/ldapuser1owner1cp
rm: `/tmp/ldapfiles/ldapuser1other/ldapuser2group1cp': No such file or directory
Deleted /tmp/ldapfiles/ldapuser1other/ldapuser2other1cp
rm: `/tmp/ldapfiles/ldapuser1other/ldapuser2owner1cp': No such file or directory
rm: User ldapuser1\(user id 6001\)  does not have access to maprfs:/tmp/ldapfiles/ldapuser2owner/ldapuser1group1cp
rm: User ldapuser1\(user id 6001\)  does not have access to maprfs:/tmp/ldapfiles/ldapuser2owner/ldapuser1other1cp
rm: User ldapuser1\(user id 6001\)  does not have access to maprfs:/tmp/ldapfiles/ldapuser2owner/ldapuser1owner1cp
rm: User ldapuser1\(user id 6001\)  does not have access to maprfs:/tmp/ldapfiles/ldapuser2owner/ldapuser2group1cp
rm: User ldapuser1\(user id 6001\)  does not have access to maprfs:/tmp/ldapfiles/ldapuser2owner/ldapuser2other1cp
rm: User ldapuser1\(user id 6001\)  does not have access to maprfs:/tmp/ldapfiles/ldapuser2owner/ldapuser2owner1cp
rm: User ldapuser1\(user id 6001\)  does not have access to maprfs:/tmp/ldapfiles/ldapuser2group/ldapuser1group1cp
rm: User ldapuser1\(user id 6001\)  does not have access to maprfs:/tmp/ldapfiles/ldapuser2group/ldapuser1other1cp
rm: User ldapuser1\(user id 6001\)  does not have access to maprfs:/tmp/ldapfiles/ldapuser2group/ldapuser1owner1cp
rm: User ldapuser1\(user id 6001\)  does not have access to maprfs:/tmp/ldapfiles/ldapuser2group/ldapuser2group1cp
rm: User ldapuser1\(user id 6001\)  does not have access to maprfs:/tmp/ldapfiles/ldapuser2group/ldapuser2other1cp
rm: User ldapuser1\(user id 6001\)  does not have access to maprfs:/tmp/ldapfiles/ldapuser2group/ldapuser2owner1cp
Deleted /tmp/ldapfiles/ldapuser2other/ldapuser1group1cp
Deleted /tmp/ldapfiles/ldapuser2other/ldapuser1other1cp
Deleted /tmp/ldapfiles/ldapuser2other/ldapuser1owner1cp
rm: `/tmp/ldapfiles/ldapuser2other/ldapuser2group1cp': No such file or directory
Deleted /tmp/ldapfiles/ldapuser2other/ldapuser2other1cp
rm: `/tmp/ldapfiles/ldapuser2other/ldapuser2owner1cp': No such file or directory
cat: User ldapuser1\(user id 6001\)  does not have access to maprfs:/tmp/ldapfiles/ldapuser1ownernox/ldapuser1group
cat: User ldapuser1\(user id 6001\)  does not have access to maprfs:/tmp/ldapfiles/ldapuser1ownernox/ldapuser1other
cat: User ldapuser1\(user id 6001\)  does not have access to maprfs:/tmp/ldapfiles/ldapuser1ownernox/ldapuser1owner
cat: User ldapuser1\(user id 6001\)  does not have access to maprfs:/tmp/ldapfiles/ldapuser1ownernox/ldapuser2group
cat: User ldapuser1\(user id 6001\)  does not have access to maprfs:/tmp/ldapfiles/ldapuser1ownernox/ldapuser2other
cat: User ldapuser1\(user id 6001\)  does not have access to maprfs:/tmp/ldapfiles/ldapuser1ownernox/ldapuser2owner

This file is accessible by ldapuser1 group
This file is accessible by ldapuser1 other
This file is accessible by ldapuser1 owner
/tmp/ldapfiles/ldapuser1groupnox/ldapuser2group \(Input/output error\)
This file is accessible by ldapuser2 other
/tmp/ldapfiles/ldapuser1groupnox/ldapuser2owner \(Input/output error\)

This file is accessible by ldapuser1 group
This file is accessible by ldapuser1 other
This file is accessible by ldapuser1 owner
/tmp/ldapfiles/ldapuser1othernox/ldapuser2group \(Input/output error\)
This file is accessible by ldapuser2 other
/tmp/ldapfiles/ldapuser1othernox/ldapuser2owner \(Input/output error\)

cat: User ldapuser1\(user id 6001\)  does not have access to maprfs:/tmp/ldapfiles/ldapuser2ownernox

cat: User ldapuser1\(user id 6001\)  does not have access to maprfs:/tmp/ldapfiles/ldapuser2groupnox

cat: User ldapuser1\(user id 6001\)  does not have access to maprfs:/tmp/ldapfiles/ldapuser2othernox/ldapuser1group
cat: User ldapuser1\(user id 6001\)  does not have access to maprfs:/tmp/ldapfiles/ldapuser2othernox/ldapuser1other
cat: User ldapuser1\(user id 6001\)  does not have access to maprfs:/tmp/ldapfiles/ldapuser2othernox/ldapuser1owner
cat: User ldapuser1\(user id 6001\)  does not have access to maprfs:/tmp/ldapfiles/ldapuser2othernox/ldapuser2group
cat: User ldapuser1\(user id 6001\)  does not have access to maprfs:/tmp/ldapfiles/ldapuser2othernox/ldapuser2other
cat: User ldapuser1\(user id 6001\)  does not have access to maprfs:/tmp/ldapfiles/ldapuser2othernox/ldapuser2owner
