cp: failed to access 'ldapuser1owner/ldapuser1group2cp': Permission denied
cp: failed to access 'ldapuser1owner/ldapuser1other2cp': Permission denied
cp: failed to access 'ldapuser1owner/ldapuser1owner2cp': Permission denied
cp: failed to access 'ldapuser1owner/ldapuser2group2cp': Permission denied
cp: failed to access 'ldapuser1owner/ldapuser2other2cp': Permission denied
cp: failed to access 'ldapuser1owner/ldapuser2owner2cp': Permission denied

cp: failed to access 'ldapuser1group/ldapuser1group2cp': Permission denied
cp: failed to access 'ldapuser1group/ldapuser1other2cp': Permission denied
cp: failed to access 'ldapuser1group/ldapuser1owner2cp': Permission denied
cp: failed to access 'ldapuser1group/ldapuser2group2cp': Permission denied
cp: failed to access 'ldapuser1group/ldapuser2other2cp': Permission denied
cp: failed to access 'ldapuser1group/ldapuser2owner2cp': Permission denied

cp: cannot open 'ldapuser1other/ldapuser1group' for reading: Permission denied
cp: cannot open 'ldapuser1other/ldapuser1owner' for reading: Permission denied

cp: cannot open 'ldapuser2owner/ldapuser1group' for reading: Permission denied
cp: cannot open 'ldapuser2owner/ldapuser1owner' for reading: Permission denied

cp: cannot open 'ldapuser2group/ldapuser1group' for reading: Permission denied
cp: cannot open 'ldapuser2group/ldapuser1owner' for reading: Permission denied

cp: cannot open 'ldapuser2other/ldapuser1group' for reading: Permission denied
cp: cannot open 'ldapuser2other/ldapuser1owner' for reading: Permission denied
rm: cannot remove 'ldapuser1owner/ldapuser1group2cp': Permission denied
rm: cannot remove 'ldapuser1owner/ldapuser1other2cp': Permission denied
rm: cannot remove 'ldapuser1owner/ldapuser1owner2cp': Permission denied
rm: cannot remove 'ldapuser1owner/ldapuser2group2cp': Permission denied
rm: cannot remove 'ldapuser1owner/ldapuser2other2cp': Permission denied
rm: cannot remove 'ldapuser1owner/ldapuser2owner2cp': Permission denied
rm: cannot remove 'ldapuser1group/ldapuser1group2cp': Permission denied
rm: cannot remove 'ldapuser1group/ldapuser1other2cp': Permission denied
rm: cannot remove 'ldapuser1group/ldapuser1owner2cp': Permission denied
rm: cannot remove 'ldapuser1group/ldapuser2group2cp': Permission denied
rm: cannot remove 'ldapuser1group/ldapuser2other2cp': Permission denied
rm: cannot remove 'ldapuser1group/ldapuser2owner2cp': Permission denied
rm: cannot remove 'ldapuser1other/ldapuser1group2cp': No such file or directory
rm: cannot remove 'ldapuser1other/ldapuser1owner2cp': No such file or directory
rm: cannot remove 'ldapuser2owner/ldapuser1group2cp': No such file or directory
rm: cannot remove 'ldapuser2owner/ldapuser1owner2cp': No such file or directory
rm: cannot remove 'ldapuser2group/ldapuser1group2cp': No such file or directory
rm: cannot remove 'ldapuser2group/ldapuser1owner2cp': No such file or directory
rm: cannot remove 'ldapuser2other/ldapuser1group2cp': No such file or directory
rm: cannot remove 'ldapuser2other/ldapuser1owner2cp': No such file or directory
