|key|  value|
\+---\+-------\+
|238|val_238|
| 86| val_86|
|311|val_311|
| 27| val_27|
|165|val_165|
|409|val_409|
|255|val_255|
|278|val_278|
| 98| val_98|
|484|val_484|
|265|val_265|
|193|val_193|
|401|val_401|
|150|val_150|
|273|val_273|
|224|val_224|
|369|val_369|
| 66| val_66|
|128|val_128|
|213|val_213|
\+---\+-------\+
only showing top 20 rows

|count(1)|
\+--------\+
|     500|
\+--------\+

|               value|
\+--------------------\+
|Key: 0, Value: val_0|
|Key: 0, Value: val_0|
|Key: 0, Value: val_0|
|Key: 2, Value: val_2|
|Key: 4, Value: val_4|
|Key: 5, Value: val_5|
|Key: 5, Value: val_5|
|Key: 5, Value: val_5|
|Key: 8, Value: val_8|
|Key: 9, Value: val_9|
\+--------------------\+

|key| value|key| value|
\+---\+------\+---\+------\+
| 86|val_86| 86|val_86|
| 27|val_27| 27|val_27|
| 98|val_98| 98|val_98|
| 66|val_66| 66|val_66|
| 37|val_37| 37|val_37|
| 15|val_15| 15|val_15|
| 82|val_82| 82|val_82|
| 17|val_17| 17|val_17|
| 57|val_57| 57|val_57|
| 20|val_20| 20|val_20|
| 92|val_92| 92|val_92|
| 47|val_47| 47|val_47|
| 72|val_72| 72|val_72|
|  4| val_4|  4| val_4|
| 35|val_35| 35|val_35|
| 54|val_54| 54|val_54|
| 51|val_51| 51|val_51|
| 65|val_65| 65|val_65|
| 83|val_83| 83|val_83|
| 12|val_12| 12|val_12|
\+---\+------\+---\+------\+
only showing top 20 rows

|key|  value|
\+---\+-------\+
|238|val_238|
| 86| val_86|
|311|val_311|
| 27| val_27|
|165|val_165|
|409|val_409|
|255|val_255|
|278|val_278|
| 98| val_98|
|484|val_484|
|265|val_265|
|193|val_193|
|401|val_401|
|150|val_150|
|273|val_273|
|224|val_224|
|369|val_369|
| 66| val_66|
|128|val_128|
|213|val_213|
\+---\+-------\+
only showing top 20 rows

| key|
\+----\+
|null|
|null|
|null|
|null|
|null|
|null|
|null|
|null|
|null|
|null|
\+----\+
