This file is accessible by ldapuser1 group
This file is accessible by ldapuser1 other
This file is accessible by ldapuser1 owner
/tmp/ldapfiles/ldapuser1owner/ldapuser2group (Input/output error)
This file is accessible by ldapuser2 other
/tmp/ldapuser1owner/ldapuser2owner (Input/output error)

This file is accessible by ldapuser1 group
This file is accessible by ldapuser1 other
This file is accessible by ldapuser1 owner
/tmp/ldapfiles/ldapuser1group/ldapuser2group (Input/output error)
This file is accessible by ldapuser2 other
/tmp/ldapfiles/ldapuser1group/ldapuser2owner (Input/output error)

This file is accessible by ldapuser1 group
This file is accessible by ldapuser1 other
This file is accessible by ldapuser1 owner
/tmp/ldapfiles/ldapuser1other/ldapuser2group (Input/output error)
This file is accessible by ldapuser2 other
/tmp/ldapfiles/ldapuser1other/ldapuser2owner (Input/output error)

cat: User ldapuser1(user id 6001)  does not have access to maprfs:/tmp/ldapfiles/ldapuser2owner

cat: User ldapuser1(user id 6001)  does not have access to maprfs:/tmp/ldapfiles/ldapuser2group

This file is accessible by ldapuser1 group
This file is accessible by ldapuser1 other
This file is accessible by ldapuser1 owner
/tmp/ldapfiles/ldapuser2other/ldapuser2group (Input/output error)
This file is accessible by ldapuser2 other
/tmp/ldapfiles/ldapuser2other/ldapuser2owner (Input/output error)
