cat: User ldapuser1(user id 6001)  does not have access to maprfs:/tmp/ldapfiles/ldapuser1ownernox/ldapuser1group
cat: User ldapuser1(user id 6001)  does not have access to maprfs:/tmp/ldapfiles/ldapuser1ownernox/ldapuser1other
cat: User ldapuser1(user id 6001)  does not have access to maprfs:/tmp/ldapfiles/ldapuser1ownernox/ldapuser1owner
cat: User ldapuser1(user id 6001)  does not have access to maprfs:/tmp/ldapfiles/ldapuser1ownernox/ldapuser2group
cat: User ldapuser1(user id 6001)  does not have access to maprfs:/tmp/ldapfiles/ldapuser1ownernox/ldapuser2other
cat: User ldapuser1(user id 6001)  does not have access to maprfs:/tmp/ldapfiles/ldapuser1ownernox/ldapuser2owner

This file is accessible by ldapuser1 group
This file is accessible by ldapuser1 other
This file is accessible by ldapuser1 owner
/tmp/ldapfiles/ldapuser1groupnox/ldapuser2group (Input/output error)
This file is accessible by ldapuser2 other
/tmp/ldapfiles/ldapuser1groupnox/ldapuser2owner (Input/output error)

This file is accessible by ldapuser1 group
This file is accessible by ldapuser1 other
This file is accessible by ldapuser1 owner
/tmp/ldapfiles/ldapuser1othernox/ldapuser2group (Input/output error)
This file is accessible by ldapuser2 other
/tmp/ldapfiles/ldapuser1othernox/ldapuser2owner (Input/output error)

cat: User ldapuser1(user id 6001)  does not have access to maprfs:/tmp/ldapfiles/ldapuser2ownernox

cat: User ldapuser1(user id 6001)  does not have access to maprfs:/tmp/ldapfiles/ldapuser2groupnox

cat: User ldapuser1(user id 6001)  does not have access to maprfs:/tmp/ldapfiles/ldapuser2othernox/ldapuser1group
cat: User ldapuser1(user id 6001)  does not have access to maprfs:/tmp/ldapfiles/ldapuser2othernox/ldapuser1other
cat: User ldapuser1(user id 6001)  does not have access to maprfs:/tmp/ldapfiles/ldapuser2othernox/ldapuser1owner
cat: User ldapuser1(user id 6001)  does not have access to maprfs:/tmp/ldapfiles/ldapuser2othernox/ldapuser2group
cat: User ldapuser1(user id 6001)  does not have access to maprfs:/tmp/ldapfiles/ldapuser2othernox/ldapuser2other
cat: User ldapuser1(user id 6001)  does not have access to maprfs:/tmp/ldapfiles/ldapuser2othernox/ldapuser2owner
