cat: User ldapuser2(user id 6002)  does not have access to maprfs:/tmp/ldapfiles/ldapuser1owner

cat: User ldapuser2(user id 6002)  does not have access to maprfs:/tmp/ldapfiles/ldapuser1group

cat: ldapuser1other/ldapuser1group: Permission denied
This file is accessible by ldapuser1 other
/tmp/ldapfiles/ldapuser1other/ldapuser1owner (Input/output error)
This file is accessible by ldapuser2 group
This file is accessible by ldapuser2 other
This file is accessible by ldapuser2 owner

/tmp/ldapfiles/ldapuser2owner/ldapuser1group (Input/output error)
This file is accessible by ldapuser1 other
/tmp/ldapfiles/ldapuser2owner/ldapuser1owner (Input/output error)
This file is accessible by ldapuser2 group
This file is accessible by ldapuser2 other
This file is accessible by ldapuser2 owner

/tmp/ldapfiles/ldapuser2group/ldapuser1group (Input/output error)
This file is accessible by ldapuser1 other
/tmp/ldapfiles/ldapuser2group/ldapuser1owner (Input/output error)
This file is accessible by ldapuser2 group
This file is accessible by ldapuser2 other
This file is accessible by ldapuser2 owner

/tmp/ldapfiles/ldapuser2other/ldapuser1group (Input/output error)
This file is accessible by ldapuser1 other
/tmp/ldapfiles/ldapuser2other/ldapuser1owner (Input/output error)
This file is accessible by ldapuser2 group
This file is accessible by ldapuser2 other
This file is accessible by ldapuser2 owner
