cat: User ldapuser11(user id 6011)  does not have access to maprfs:/tmp/ldapfiles/ldapuser1ownernox

cat: User ldapuser11(user id 6011)  does not have access to maprfs:/tmp/ldapfiles/ldapuser1groupnox/ldapuser1group
cat: User ldapuser11(user id 6011)  does not have access to maprfs:/tmp/ldapfiles/ldapuser1groupnox/ldapuser1other
cat: User ldapuser11(user id 6011)  does not have access to maprfs:/tmp/ldapfiles/ldapuser1groupnox/ldapuser1owner
cat: User ldapuser11(user id 6011)  does not have access to maprfs:/tmp/ldapfiles/ldapuser1groupnox/ldapuser2group
cat: User ldapuser11(user id 6011)  does not have access to maprfs:/tmp/ldapfiles/ldapuser1groupnox/ldapuser2other
cat: User ldapuser11(user id 6011)  does not have access to maprfs:/tmp/ldapfiles/ldapuser1groupnox/ldapuser2owner

This file is accessible by ldapuser1 group
This file is accessible by ldapuser1 other
/tmp/ldapfiles/ldapuser1othernox/ldapuser1owner (Input/output error)
This file is accessible by ldapuser2 group
This file is accessible by ldapuser2 other
/tmp/ldapfiles/ldapuser1othernox/ldapuser2owner (Input/output error)

cat: User ldapuser11(user id 6011)  does not have access to maprfs:/tmp/ldapfiles/ldapuser2ownernox

cat: User ldapuser11(user id 6011)  does not have access to maprfs:/tmp/ldapfiles/ldapuser2groupnox/ldapuser1group
cat: User ldapuser11(user id 6011)  does not have access to maprfs:/tmp/ldapfiles/ldapuser2groupnox/ldapuser1other
cat: User ldapuser11(user id 6011)  does not have access to maprfs:/tmp/ldapfiles/ldapuser2groupnox/ldapuser1owner
cat: User ldapuser11(user id 6011)  does not have access to maprfs:/tmp/ldapfiles/ldapuser2groupnox/ldapuser2group
cat: User ldapuser11(user id 6011)  does not have access to maprfs:/tmp/ldapfiles/ldapuser2groupnox/ldapuser2other
cat: User ldapuser11(user id 6011)  does not have access to maprfs:/tmp/ldapfiles/ldapuser2groupnox/ldapuser2owner

This file is accessible by ldapuser1 group
This file is accessible by ldapuser1 other
/tmp/ldapfiles/ldapuser2othernox/ldapuser1owner (Input/output error)
This file is accessible by ldapuser2 group
This file is accessible by ldapuser2 other
/tmp/ldapfiles/ldapuser2othernox/ldapuser2owner (Input/output error)
